{"C:\\Users\\skysk\\projects\\swpp-2025-project-team-15\\sumdays-backend\\app.js": {"path":"C:\\Users\\skysk\\projects\\swpp-2025-project-team-15\\sumdays-backend\\app.js","statementMap":{"0":{"start":{"line":1,"column":0},"end":{"line":1,"column":27}},"1":{"start":{"line":2,"column":16},"end":{"line":2,"column":34}},"2":{"start":{"line":3,"column":12},"end":{"line":3,"column":21}},"3":{"start":{"line":5,"column":0},"end":{"line":5,"column":24}},"4":{"start":{"line":6,"column":0},"end":{"line":6,"column":37}},"5":{"start":{"line":9,"column":0},"end":{"line":11,"column":2}},"6":{"start":{"line":10,"column":2},"end":{"line":10,"column":26}},"7":{"start":{"line":13,"column":0},"end":{"line":13,"column":21}}},"fnMap":{"0":{"name":"(anonymous_0)","decl":{"start":{"line":9,"column":13},"end":{"line":9,"column":14}},"loc":{"start":{"line":9,"column":27},"end":{"line":11,"column":1}},"line":9}},"branchMap":{},"s":{"0":7,"1":7,"2":7,"3":7,"4":7,"5":7,"6":0,"7":7},"f":{"0":0},"b":{},"_coverageSchema":"1a1c01bbd47fc00a2c39e90264f33305004495a9","hash":"6f3d8ee5a81d06466fc2afa21a49c33ac1481f78"}
,"C:\\Users\\skysk\\projects\\swpp-2025-project-team-15\\sumdays-backend\\controllers\\authController.js": {"path":"C:\\Users\\skysk\\projects\\swpp-2025-project-team-15\\sumdays-backend\\controllers\\authController.js","statementMap":{"0":{"start":{"line":1,"column":15},"end":{"line":1,"column":32}},"1":{"start":{"line":2,"column":12},"end":{"line":2,"column":35}},"2":{"start":{"line":8,"column":19},"end":{"line":8,"column":64}},"3":{"start":{"line":10,"column":17},"end":{"line":10,"column":36}},"4":{"start":{"line":12,"column":0},"end":{"line":81,"column":2}},"5":{"start":{"line":13,"column":32},"end":{"line":13,"column":40}},"6":{"start":{"line":15,"column":4},"end":{"line":15,"column":42}},"7":{"start":{"line":18,"column":4},"end":{"line":23,"column":5}},"8":{"start":{"line":19,"column":8},"end":{"line":22,"column":11}},"9":{"start":{"line":25,"column":4},"end":{"line":80,"column":5}},"10":{"start":{"line":26,"column":20},"end":{"line":26,"column":80}},"11":{"start":{"line":27,"column":23},"end":{"line":27,"column":53}},"12":{"start":{"line":28,"column":21},"end":{"line":28,"column":28}},"13":{"start":{"line":31,"column":8},"end":{"line":39,"column":9}},"14":{"start":{"line":33,"column":12},"end":{"line":33,"column":58}},"15":{"start":{"line":35,"column":12},"end":{"line":38,"column":15}},"16":{"start":{"line":42,"column":32},"end":{"line":42,"column":82}},"17":{"start":{"line":44,"column":8},"end":{"line":72,"column":9}},"18":{"start":{"line":46,"column":12},"end":{"line":46,"column":55}},"19":{"start":{"line":49,"column":28},"end":{"line":52,"column":13}},"20":{"start":{"line":55,"column":26},"end":{"line":55,"column":76}},"21":{"start":{"line":58,"column":12},"end":{"line":63,"column":15}},"22":{"start":{"line":67,"column":12},"end":{"line":67,"column":91}},"23":{"start":{"line":68,"column":12},"end":{"line":71,"column":15}},"24":{"start":{"line":75,"column":8},"end":{"line":75,"column":56}},"25":{"start":{"line":76,"column":8},"end":{"line":79,"column":11}},"26":{"start":{"line":84,"column":0},"end":{"line":114,"column":2}},"27":{"start":{"line":85,"column":42},"end":{"line":85,"column":50}},"28":{"start":{"line":86,"column":4},"end":{"line":86,"column":43}},"29":{"start":{"line":89,"column":4},"end":{"line":91,"column":5}},"30":{"start":{"line":90,"column":8},"end":{"line":90,"column":83}},"31":{"start":{"line":92,"column":4},"end":{"line":113,"column":5}},"32":{"start":{"line":94,"column":32},"end":{"line":94,"column":100}},"33":{"start":{"line":95,"column":8},"end":{"line":97,"column":9}},"34":{"start":{"line":96,"column":12},"end":{"line":96,"column":89}},"35":{"start":{"line":100,"column":27},"end":{"line":100,"column":29}},"36":{"start":{"line":101,"column":31},"end":{"line":101,"column":70}},"37":{"start":{"line":104,"column":20},"end":{"line":104,"column":89}},"38":{"start":{"line":105,"column":8},"end":{"line":105,"column":65}},"39":{"start":{"line":107,"column":8},"end":{"line":107,"column":47}},"40":{"start":{"line":108,"column":8},"end":{"line":108,"column":81}},"41":{"start":{"line":111,"column":8},"end":{"line":111,"column":57}},"42":{"start":{"line":112,"column":8},"end":{"line":112,"column":79}},"43":{"start":{"line":117,"column":0},"end":{"line":184,"column":2}},"44":{"start":{"line":118,"column":19},"end":{"line":118,"column":34}},"45":{"start":{"line":119,"column":45},"end":{"line":119,"column":53}},"46":{"start":{"line":121,"column":4},"end":{"line":121,"column":49}},"47":{"start":{"line":124,"column":4},"end":{"line":129,"column":5}},"48":{"start":{"line":125,"column":8},"end":{"line":128,"column":11}},"49":{"start":{"line":131,"column":4},"end":{"line":183,"column":5}},"50":{"start":{"line":133,"column":23},"end":{"line":136,"column":9}},"51":{"start":{"line":138,"column":8},"end":{"line":143,"column":9}},"52":{"start":{"line":139,"column":12},"end":{"line":142,"column":15}},"53":{"start":{"line":145,"column":21},"end":{"line":145,"column":28}},"54":{"start":{"line":148,"column":24},"end":{"line":151,"column":9}},"55":{"start":{"line":153,"column":8},"end":{"line":158,"column":9}},"56":{"start":{"line":154,"column":12},"end":{"line":157,"column":15}},"57":{"start":{"line":161,"column":27},"end":{"line":161,"column":29}},"58":{"start":{"line":162,"column":34},"end":{"line":162,"column":76}},"59":{"start":{"line":165,"column":8},"end":{"line":168,"column":10}},"60":{"start":{"line":170,"column":8},"end":{"line":170,"column":53}},"61":{"start":{"line":172,"column":8},"end":{"line":175,"column":11}},"62":{"start":{"line":178,"column":8},"end":{"line":178,"column":54}},"63":{"start":{"line":179,"column":8},"end":{"line":182,"column":11}},"64":{"start":{"line":186,"column":0},"end":{"line":235,"column":2}},"65":{"start":{"line":187,"column":19},"end":{"line":187,"column":35}},"66":{"start":{"line":188,"column":28},"end":{"line":188,"column":36}},"67":{"start":{"line":190,"column":4},"end":{"line":190,"column":76}},"68":{"start":{"line":193,"column":4},"end":{"line":198,"column":5}},"69":{"start":{"line":194,"column":8},"end":{"line":197,"column":11}},"70":{"start":{"line":200,"column":4},"end":{"line":234,"column":5}},"71":{"start":{"line":202,"column":27},"end":{"line":205,"column":9}},"72":{"start":{"line":207,"column":8},"end":{"line":212,"column":9}},"73":{"start":{"line":208,"column":12},"end":{"line":211,"column":15}},"74":{"start":{"line":215,"column":8},"end":{"line":218,"column":10}},"75":{"start":{"line":220,"column":8},"end":{"line":220,"column":69}},"76":{"start":{"line":222,"column":8},"end":{"line":226,"column":11}},"77":{"start":{"line":229,"column":8},"end":{"line":229,"column":53}},"78":{"start":{"line":230,"column":8},"end":{"line":233,"column":11}}},"fnMap":{"0":{"name":"(anonymous_0)","decl":{"start":{"line":12,"column":16},"end":{"line":12,"column":17}},"loc":{"start":{"line":12,"column":36},"end":{"line":81,"column":1}},"line":12},"1":{"name":"(anonymous_1)","decl":{"start":{"line":84,"column":17},"end":{"line":84,"column":18}},"loc":{"start":{"line":84,"column":37},"end":{"line":114,"column":1}},"line":84},"2":{"name":"(anonymous_2)","decl":{"start":{"line":117,"column":25},"end":{"line":117,"column":26}},"loc":{"start":{"line":117,"column":45},"end":{"line":184,"column":1}},"line":117},"3":{"name":"(anonymous_3)","decl":{"start":{"line":186,"column":25},"end":{"line":186,"column":26}},"loc":{"start":{"line":186,"column":45},"end":{"line":235,"column":1}},"line":186}},"branchMap":{"0":{"loc":{"start":{"line":18,"column":4},"end":{"line":23,"column":5}},"type":"if","locations":[{"start":{"line":18,"column":4},"end":{"line":23,"column":5}},{"start":{},"end":{}}],"line":18},"1":{"loc":{"start":{"line":18,"column":8},"end":{"line":18,"column":27}},"type":"binary-expr","locations":[{"start":{"line":18,"column":8},"end":{"line":18,"column":14}},{"start":{"line":18,"column":18},"end":{"line":18,"column":27}}],"line":18},"2":{"loc":{"start":{"line":31,"column":8},"end":{"line":39,"column":9}},"type":"if","locations":[{"start":{"line":31,"column":8},"end":{"line":39,"column":9}},{"start":{},"end":{}}],"line":31},"3":{"loc":{"start":{"line":44,"column":8},"end":{"line":72,"column":9}},"type":"if","locations":[{"start":{"line":44,"column":8},"end":{"line":72,"column":9}},{"start":{"line":65,"column":15},"end":{"line":72,"column":9}}],"line":44},"4":{"loc":{"start":{"line":89,"column":4},"end":{"line":91,"column":5}},"type":"if","locations":[{"start":{"line":89,"column":4},"end":{"line":91,"column":5}},{"start":{},"end":{}}],"line":89},"5":{"loc":{"start":{"line":89,"column":8},"end":{"line":89,"column":40}},"type":"binary-expr","locations":[{"start":{"line":89,"column":8},"end":{"line":89,"column":17}},{"start":{"line":89,"column":21},"end":{"line":89,"column":27}},{"start":{"line":89,"column":31},"end":{"line":89,"column":40}}],"line":89},"6":{"loc":{"start":{"line":95,"column":8},"end":{"line":97,"column":9}},"type":"if","locations":[{"start":{"line":95,"column":8},"end":{"line":97,"column":9}},{"start":{},"end":{}}],"line":95},"7":{"loc":{"start":{"line":124,"column":4},"end":{"line":129,"column":5}},"type":"if","locations":[{"start":{"line":124,"column":4},"end":{"line":129,"column":5}},{"start":{},"end":{}}],"line":124},"8":{"loc":{"start":{"line":124,"column":8},"end":{"line":124,"column":40}},"type":"binary-expr","locations":[{"start":{"line":124,"column":8},"end":{"line":124,"column":24}},{"start":{"line":124,"column":28},"end":{"line":124,"column":40}}],"line":124},"9":{"loc":{"start":{"line":138,"column":8},"end":{"line":143,"column":9}},"type":"if","locations":[{"start":{"line":138,"column":8},"end":{"line":143,"column":9}},{"start":{},"end":{}}],"line":138},"10":{"loc":{"start":{"line":153,"column":8},"end":{"line":158,"column":9}},"type":"if","locations":[{"start":{"line":153,"column":8},"end":{"line":158,"column":9}},{"start":{},"end":{}}],"line":153},"11":{"loc":{"start":{"line":193,"column":4},"end":{"line":198,"column":5}},"type":"if","locations":[{"start":{"line":193,"column":4},"end":{"line":198,"column":5}},{"start":{},"end":{}}],"line":193},"12":{"loc":{"start":{"line":193,"column":8},"end":{"line":193,"column":49}},"type":"binary-expr","locations":[{"start":{"line":193,"column":8},"end":{"line":193,"column":20}},{"start":{"line":193,"column":24},"end":{"line":193,"column":49}}],"line":193},"13":{"loc":{"start":{"line":207,"column":8},"end":{"line":212,"column":9}},"type":"if","locations":[{"start":{"line":207,"column":8},"end":{"line":212,"column":9}},{"start":{},"end":{}}],"line":207}},"s":{"0":7,"1":7,"2":7,"3":7,"4":7,"5":0,"6":0,"7":0,"8":0,"9":0,"10":0,"11":0,"12":0,"13":0,"14":0,"15":0,"16":0,"17":0,"18":0,"19":0,"20":0,"21":0,"22":0,"23":0,"24":0,"25":0,"26":7,"27":0,"28":0,"29":0,"30":0,"31":0,"32":0,"33":0,"34":0,"35":0,"36":0,"37":0,"38":0,"39":0,"40":0,"41":0,"42":0,"43":7,"44":0,"45":0,"46":0,"47":0,"48":0,"49":0,"50":0,"51":0,"52":0,"53":0,"54":0,"55":0,"56":0,"57":0,"58":0,"59":0,"60":0,"61":0,"62":0,"63":0,"64":7,"65":0,"66":0,"67":0,"68":0,"69":0,"70":0,"71":0,"72":0,"73":0,"74":0,"75":0,"76":0,"77":0,"78":0},"f":{"0":0,"1":0,"2":0,"3":0},"b":{"0":[0,0],"1":[0,0],"2":[0,0],"3":[0,0],"4":[0,0],"5":[0,0,0],"6":[0,0],"7":[0,0],"8":[0,0],"9":[0,0],"10":[0,0],"11":[0,0],"12":[0,0],"13":[0,0]},"_coverageSchema":"1a1c01bbd47fc00a2c39e90264f33305004495a9","hash":"0749d6e42e2e587c499476fc067aa389170c287e"}
,"C:\\Users\\skysk\\projects\\swpp-2025-project-team-15\\sumdays-backend\\controllers\\dailyController.js": {"path":"C:\\Users\\skysk\\projects\\swpp-2025-project-team-15\\sumdays-backend\\controllers\\dailyController.js","statementMap":{"0":{"start":{"line":1,"column":11},"end":{"line":1,"column":30}},"1":{"start":{"line":2,"column":13},"end":{"line":2,"column":28}},"2":{"start":{"line":3,"column":16},"end":{"line":3,"column":34}},"3":{"start":{"line":4,"column":11},"end":{"line":4,"column":24}},"4":{"start":{"line":8,"column":0},"end":{"line":93,"column":2}},"5":{"start":{"line":9,"column":19},"end":{"line":9,"column":29}},"6":{"start":{"line":10,"column":31},"end":{"line":10,"column":40}},"7":{"start":{"line":11,"column":17},"end":{"line":11,"column":32}},"8":{"start":{"line":13,"column":2},"end":{"line":92,"column":3}},"9":{"start":{"line":15,"column":22},"end":{"line":18,"column":5}},"10":{"start":{"line":20,"column":4},"end":{"line":22,"column":5}},"11":{"start":{"line":21,"column":6},"end":{"line":21,"column":72}},"12":{"start":{"line":23,"column":18},"end":{"line":23,"column":28}},"13":{"start":{"line":27,"column":20},"end":{"line":30,"column":5}},"14":{"start":{"line":31,"column":21},"end":{"line":34,"column":5}},"15":{"start":{"line":35,"column":22},"end":{"line":62,"column":6}},"16":{"start":{"line":36,"column":23},"end":{"line":42,"column":7}},"17":{"start":{"line":45,"column":6},"end":{"line":51,"column":7}},"18":{"start":{"line":46,"column":8},"end":{"line":50,"column":10}},"19":{"start":{"line":54,"column":26},"end":{"line":54,"column":51}},"20":{"start":{"line":55,"column":27},"end":{"line":55,"column":57}},"21":{"start":{"line":57,"column":6},"end":{"line":61,"column":8}},"22":{"start":{"line":65,"column":15},"end":{"line":72,"column":5}},"23":{"start":{"line":75,"column":4},"end":{"line":80,"column":5}},"24":{"start":{"line":76,"column":28},"end":{"line":76,"column":65}},"25":{"start":{"line":76,"column":56},"end":{"line":76,"column":64}},"26":{"start":{"line":77,"column":6},"end":{"line":79,"column":8}},"27":{"start":{"line":78,"column":47},"end":{"line":78,"column":74}},"28":{"start":{"line":81,"column":4},"end":{"line":86,"column":5}},"29":{"start":{"line":82,"column":28},"end":{"line":82,"column":65}},"30":{"start":{"line":82,"column":56},"end":{"line":82,"column":64}},"31":{"start":{"line":83,"column":6},"end":{"line":85,"column":8}},"32":{"start":{"line":84,"column":47},"end":{"line":84,"column":75}},"33":{"start":{"line":88,"column":4},"end":{"line":88,"column":31}},"34":{"start":{"line":91,"column":4},"end":{"line":91,"column":61}},"35":{"start":{"line":99,"column":0},"end":{"line":122,"column":2}},"36":{"start":{"line":100,"column":19},"end":{"line":100,"column":27}},"37":{"start":{"line":101,"column":17},"end":{"line":101,"column":32}},"38":{"start":{"line":103,"column":2},"end":{"line":121,"column":3}},"39":{"start":{"line":104,"column":21},"end":{"line":107,"column":5}},"40":{"start":{"line":108,"column":4},"end":{"line":110,"column":5}},"41":{"start":{"line":109,"column":6},"end":{"line":109,"column":85}},"42":{"start":{"line":112,"column":4},"end":{"line":115,"column":6}},"43":{"start":{"line":117,"column":4},"end":{"line":117,"column":74}},"44":{"start":{"line":120,"column":4},"end":{"line":120,"column":62}},"45":{"start":{"line":128,"column":0},"end":{"line":173,"column":2}},"46":{"start":{"line":129,"column":19},"end":{"line":129,"column":29}},"47":{"start":{"line":130,"column":43},"end":{"line":130,"column":51}},"48":{"start":{"line":131,"column":17},"end":{"line":131,"column":32}},"49":{"start":{"line":133,"column":2},"end":{"line":172,"column":3}},"50":{"start":{"line":135,"column":22},"end":{"line":138,"column":5}},"51":{"start":{"line":139,"column":4},"end":{"line":141,"column":5}},"52":{"start":{"line":140,"column":6},"end":{"line":140,"column":72}},"53":{"start":{"line":144,"column":20},"end":{"line":144,"column":22}},"54":{"start":{"line":145,"column":19},"end":{"line":145,"column":21}},"55":{"start":{"line":147,"column":4},"end":{"line":150,"column":5}},"56":{"start":{"line":148,"column":6},"end":{"line":148,"column":36}},"57":{"start":{"line":149,"column":6},"end":{"line":149,"column":29}},"58":{"start":{"line":151,"column":4},"end":{"line":154,"column":5}},"59":{"start":{"line":152,"column":6},"end":{"line":152,"column":32}},"60":{"start":{"line":153,"column":6},"end":{"line":153,"column":25}},"61":{"start":{"line":155,"column":4},"end":{"line":158,"column":5}},"62":{"start":{"line":156,"column":6},"end":{"line":156,"column":37}},"63":{"start":{"line":157,"column":6},"end":{"line":157,"column":30}},"64":{"start":{"line":160,"column":4},"end":{"line":162,"column":5}},"65":{"start":{"line":161,"column":6},"end":{"line":161,"column":86}},"66":{"start":{"line":164,"column":4},"end":{"line":164,"column":30}},"67":{"start":{"line":165,"column":16},"end":{"line":165,"column":101}},"68":{"start":{"line":166,"column":4},"end":{"line":166,"column":32}},"69":{"start":{"line":168,"column":4},"end":{"line":168,"column":74}},"70":{"start":{"line":171,"column":4},"end":{"line":171,"column":62}},"71":{"start":{"line":179,"column":0},"end":{"line":191,"column":2}},"72":{"start":{"line":180,"column":19},"end":{"line":180,"column":29}},"73":{"start":{"line":181,"column":17},"end":{"line":181,"column":32}},"74":{"start":{"line":183,"column":2},"end":{"line":190,"column":3}},"75":{"start":{"line":184,"column":4},"end":{"line":184,"column":100}},"76":{"start":{"line":186,"column":4},"end":{"line":186,"column":74}},"77":{"start":{"line":189,"column":4},"end":{"line":189,"column":62}}},"fnMap":{"0":{"name":"(anonymous_0)","decl":{"start":{"line":8,"column":24},"end":{"line":8,"column":25}},"loc":{"start":{"line":8,"column":44},"end":{"line":93,"column":1}},"line":8},"1":{"name":"(anonymous_1)","decl":{"start":{"line":35,"column":33},"end":{"line":35,"column":34}},"loc":{"start":{"line":35,"column":44},"end":{"line":62,"column":5}},"line":35},"2":{"name":"(anonymous_2)","decl":{"start":{"line":76,"column":51},"end":{"line":76,"column":52}},"loc":{"start":{"line":76,"column":56},"end":{"line":76,"column":64}},"line":76},"3":{"name":"(anonymous_3)","decl":{"start":{"line":78,"column":36},"end":{"line":78,"column":37}},"loc":{"start":{"line":78,"column":47},"end":{"line":78,"column":74}},"line":78},"4":{"name":"(anonymous_4)","decl":{"start":{"line":82,"column":51},"end":{"line":82,"column":52}},"loc":{"start":{"line":82,"column":56},"end":{"line":82,"column":64}},"line":82},"5":{"name":"(anonymous_5)","decl":{"start":{"line":84,"column":36},"end":{"line":84,"column":37}},"loc":{"start":{"line":84,"column":47},"end":{"line":84,"column":75}},"line":84},"6":{"name":"(anonymous_6)","decl":{"start":{"line":99,"column":27},"end":{"line":99,"column":28}},"loc":{"start":{"line":99,"column":47},"end":{"line":122,"column":1}},"line":99},"7":{"name":"(anonymous_7)","decl":{"start":{"line":128,"column":27},"end":{"line":128,"column":28}},"loc":{"start":{"line":128,"column":47},"end":{"line":173,"column":1}},"line":128},"8":{"name":"(anonymous_8)","decl":{"start":{"line":179,"column":27},"end":{"line":179,"column":28}},"loc":{"start":{"line":179,"column":47},"end":{"line":191,"column":1}},"line":179}},"branchMap":{"0":{"loc":{"start":{"line":20,"column":4},"end":{"line":22,"column":5}},"type":"if","locations":[{"start":{"line":20,"column":4},"end":{"line":22,"column":5}},{"start":{},"end":{}}],"line":20},"1":{"loc":{"start":{"line":45,"column":6},"end":{"line":51,"column":7}},"type":"if","locations":[{"start":{"line":45,"column":6},"end":{"line":51,"column":7}},{"start":{},"end":{}}],"line":45},"2":{"loc":{"start":{"line":75,"column":4},"end":{"line":80,"column":5}},"type":"if","locations":[{"start":{"line":75,"column":4},"end":{"line":80,"column":5}},{"start":{},"end":{}}],"line":75},"3":{"loc":{"start":{"line":81,"column":4},"end":{"line":86,"column":5}},"type":"if","locations":[{"start":{"line":81,"column":4},"end":{"line":86,"column":5}},{"start":{},"end":{}}],"line":81},"4":{"loc":{"start":{"line":108,"column":4},"end":{"line":110,"column":5}},"type":"if","locations":[{"start":{"line":108,"column":4},"end":{"line":110,"column":5}},{"start":{},"end":{}}],"line":108},"5":{"loc":{"start":{"line":139,"column":4},"end":{"line":141,"column":5}},"type":"if","locations":[{"start":{"line":139,"column":4},"end":{"line":141,"column":5}},{"start":{},"end":{}}],"line":139},"6":{"loc":{"start":{"line":147,"column":4},"end":{"line":150,"column":5}},"type":"if","locations":[{"start":{"line":147,"column":4},"end":{"line":150,"column":5}},{"start":{},"end":{}}],"line":147},"7":{"loc":{"start":{"line":151,"column":4},"end":{"line":154,"column":5}},"type":"if","locations":[{"start":{"line":151,"column":4},"end":{"line":154,"column":5}},{"start":{},"end":{}}],"line":151},"8":{"loc":{"start":{"line":155,"column":4},"end":{"line":158,"column":5}},"type":"if","locations":[{"start":{"line":155,"column":4},"end":{"line":158,"column":5}},{"start":{},"end":{}}],"line":155},"9":{"loc":{"start":{"line":160,"column":4},"end":{"line":162,"column":5}},"type":"if","locations":[{"start":{"line":160,"column":4},"end":{"line":162,"column":5}},{"start":{},"end":{}}],"line":160}},"s":{"0":8,"1":8,"2":8,"3":8,"4":8,"5":2,"6":2,"7":2,"8":2,"9":2,"10":2,"11":1,"12":1,"13":1,"14":1,"15":1,"16":1,"17":1,"18":0,"19":1,"20":1,"21":1,"22":1,"23":1,"24":0,"25":0,"26":0,"27":0,"28":1,"29":0,"30":0,"31":0,"32":0,"33":1,"34":0,"35":8,"36":2,"37":2,"38":2,"39":2,"40":2,"41":1,"42":1,"43":1,"44":0,"45":8,"46":2,"47":2,"48":2,"49":2,"50":2,"51":2,"52":0,"53":2,"54":2,"55":2,"56":0,"57":0,"58":2,"59":1,"60":1,"61":2,"62":0,"63":0,"64":2,"65":1,"66":1,"67":1,"68":1,"69":1,"70":0,"71":8,"72":1,"73":1,"74":1,"75":1,"76":1,"77":0},"f":{"0":2,"1":1,"2":0,"3":0,"4":0,"5":0,"6":2,"7":2,"8":1},"b":{"0":[1,1],"1":[0,1],"2":[0,1],"3":[0,1],"4":[1,1],"5":[0,2],"6":[0,2],"7":[1,1],"8":[0,2],"9":[1,1]},"_coverageSchema":"1a1c01bbd47fc00a2c39e90264f33305004495a9","hash":"1cbbffed86f5cbfe6600a174fb6e455c08ad5eaf"}
,"C:\\Users\\skysk\\projects\\swpp-2025-project-team-15\\sumdays-backend\\controllers\\memosController.js": {"path":"C:\\Users\\skysk\\projects\\swpp-2025-project-team-15\\sumdays-backend\\controllers\\memosController.js","statementMap":{"0":{"start":{"line":1,"column":11},"end":{"line":1,"column":30}},"1":{"start":{"line":2,"column":11},"end":{"line":2,"column":24}},"2":{"start":{"line":3,"column":13},"end":{"line":3,"column":28}},"3":{"start":{"line":10,"column":17},"end":{"line":13,"column":3}},"4":{"start":{"line":14,"column":2},"end":{"line":14,"column":45}},"5":{"start":{"line":17,"column":0},"end":{"line":37,"column":2}},"6":{"start":{"line":18,"column":19},"end":{"line":18,"column":29}},"7":{"start":{"line":19,"column":55},"end":{"line":19,"column":63}},"8":{"start":{"line":20,"column":17},"end":{"line":20,"column":32}},"9":{"start":{"line":22,"column":2},"end":{"line":36,"column":3}},"10":{"start":{"line":23,"column":27},"end":{"line":23,"column":62}},"11":{"start":{"line":24,"column":4},"end":{"line":26,"column":5}},"12":{"start":{"line":25,"column":6},"end":{"line":25,"column":72}},"13":{"start":{"line":27,"column":4},"end":{"line":30,"column":6}},"14":{"start":{"line":32,"column":4},"end":{"line":32,"column":67}},"15":{"start":{"line":35,"column":4},"end":{"line":35,"column":62}},"16":{"start":{"line":42,"column":0},"end":{"line":81,"column":2}},"17":{"start":{"line":43,"column":28},"end":{"line":43,"column":38}},"18":{"start":{"line":44,"column":45},"end":{"line":44,"column":53}},"19":{"start":{"line":45,"column":17},"end":{"line":45,"column":32}},"20":{"start":{"line":47,"column":2},"end":{"line":80,"column":3}},"21":{"start":{"line":48,"column":27},"end":{"line":48,"column":62}},"22":{"start":{"line":49,"column":4},"end":{"line":51,"column":5}},"23":{"start":{"line":50,"column":6},"end":{"line":50,"column":72}},"24":{"start":{"line":54,"column":20},"end":{"line":54,"column":22}},"25":{"start":{"line":55,"column":19},"end":{"line":55,"column":21}},"26":{"start":{"line":56,"column":4},"end":{"line":59,"column":5}},"27":{"start":{"line":57,"column":4},"end":{"line":57,"column":35}},"28":{"start":{"line":58,"column":4},"end":{"line":58,"column":28}},"29":{"start":{"line":60,"column":4},"end":{"line":63,"column":5}},"30":{"start":{"line":61,"column":4},"end":{"line":61,"column":32}},"31":{"start":{"line":62,"column":4},"end":{"line":62,"column":25}},"32":{"start":{"line":64,"column":4},"end":{"line":67,"column":5}},"33":{"start":{"line":65,"column":4},"end":{"line":65,"column":34}},"34":{"start":{"line":66,"column":4},"end":{"line":66,"column":27}},"35":{"start":{"line":68,"column":4},"end":{"line":70,"column":5}},"36":{"start":{"line":69,"column":4},"end":{"line":69,"column":84}},"37":{"start":{"line":72,"column":4},"end":{"line":72,"column":42}},"38":{"start":{"line":73,"column":16},"end":{"line":73,"column":98}},"39":{"start":{"line":74,"column":4},"end":{"line":74,"column":32}},"40":{"start":{"line":76,"column":4},"end":{"line":76,"column":74}},"41":{"start":{"line":79,"column":4},"end":{"line":79,"column":62}},"42":{"start":{"line":86,"column":0},"end":{"line":102,"column":2}},"43":{"start":{"line":87,"column":28},"end":{"line":87,"column":38}},"44":{"start":{"line":88,"column":17},"end":{"line":88,"column":32}},"45":{"start":{"line":90,"column":2},"end":{"line":101,"column":3}},"46":{"start":{"line":91,"column":27},"end":{"line":91,"column":62}},"47":{"start":{"line":92,"column":4},"end":{"line":94,"column":5}},"48":{"start":{"line":93,"column":6},"end":{"line":93,"column":72}},"49":{"start":{"line":96,"column":4},"end":{"line":96,"column":110}},"50":{"start":{"line":97,"column":4},"end":{"line":97,"column":67}},"51":{"start":{"line":100,"column":4},"end":{"line":100,"column":62}},"52":{"start":{"line":108,"column":0},"end":{"line":129,"column":2}},"53":{"start":{"line":109,"column":19},"end":{"line":109,"column":29}},"54":{"start":{"line":110,"column":19},"end":{"line":110,"column":27}},"55":{"start":{"line":111,"column":17},"end":{"line":111,"column":32}},"56":{"start":{"line":113,"column":2},"end":{"line":128,"column":3}},"57":{"start":{"line":114,"column":27},"end":{"line":114,"column":62}},"58":{"start":{"line":115,"column":4},"end":{"line":117,"column":5}},"59":{"start":{"line":116,"column":6},"end":{"line":116,"column":72}},"60":{"start":{"line":119,"column":27},"end":{"line":121,"column":5}},"61":{"start":{"line":120,"column":6},"end":{"line":120,"column":129}},"62":{"start":{"line":123,"column":4},"end":{"line":123,"column":38}},"63":{"start":{"line":124,"column":4},"end":{"line":124,"column":73}},"64":{"start":{"line":127,"column":4},"end":{"line":127,"column":62}}},"fnMap":{"0":{"name":"getDailyEntryId","decl":{"start":{"line":9,"column":15},"end":{"line":9,"column":30}},"loc":{"start":{"line":9,"column":45},"end":{"line":15,"column":1}},"line":9},"1":{"name":"(anonymous_1)","decl":{"start":{"line":17,"column":21},"end":{"line":17,"column":22}},"loc":{"start":{"line":17,"column":41},"end":{"line":37,"column":1}},"line":17},"2":{"name":"(anonymous_2)","decl":{"start":{"line":42,"column":21},"end":{"line":42,"column":22}},"loc":{"start":{"line":42,"column":41},"end":{"line":81,"column":1}},"line":42},"3":{"name":"(anonymous_3)","decl":{"start":{"line":86,"column":21},"end":{"line":86,"column":22}},"loc":{"start":{"line":86,"column":41},"end":{"line":102,"column":1}},"line":86},"4":{"name":"(anonymous_4)","decl":{"start":{"line":108,"column":23},"end":{"line":108,"column":24}},"loc":{"start":{"line":108,"column":43},"end":{"line":129,"column":1}},"line":108},"5":{"name":"(anonymous_5)","decl":{"start":{"line":119,"column":56},"end":{"line":119,"column":57}},"loc":{"start":{"line":120,"column":6},"end":{"line":120,"column":129}},"line":120}},"branchMap":{"0":{"loc":{"start":{"line":14,"column":9},"end":{"line":14,"column":44}},"type":"cond-expr","locations":[{"start":{"line":14,"column":27},"end":{"line":14,"column":37}},{"start":{"line":14,"column":40},"end":{"line":14,"column":44}}],"line":14},"1":{"loc":{"start":{"line":24,"column":4},"end":{"line":26,"column":5}},"type":"if","locations":[{"start":{"line":24,"column":4},"end":{"line":26,"column":5}},{"start":{},"end":{}}],"line":24},"2":{"loc":{"start":{"line":49,"column":4},"end":{"line":51,"column":5}},"type":"if","locations":[{"start":{"line":49,"column":4},"end":{"line":51,"column":5}},{"start":{},"end":{}}],"line":49},"3":{"loc":{"start":{"line":56,"column":4},"end":{"line":59,"column":5}},"type":"if","locations":[{"start":{"line":56,"column":4},"end":{"line":59,"column":5}},{"start":{},"end":{}}],"line":56},"4":{"loc":{"start":{"line":60,"column":4},"end":{"line":63,"column":5}},"type":"if","locations":[{"start":{"line":60,"column":4},"end":{"line":63,"column":5}},{"start":{},"end":{}}],"line":60},"5":{"loc":{"start":{"line":64,"column":4},"end":{"line":67,"column":5}},"type":"if","locations":[{"start":{"line":64,"column":4},"end":{"line":67,"column":5}},{"start":{},"end":{}}],"line":64},"6":{"loc":{"start":{"line":68,"column":4},"end":{"line":70,"column":5}},"type":"if","locations":[{"start":{"line":68,"column":4},"end":{"line":70,"column":5}},{"start":{},"end":{}}],"line":68},"7":{"loc":{"start":{"line":92,"column":4},"end":{"line":94,"column":5}},"type":"if","locations":[{"start":{"line":92,"column":4},"end":{"line":94,"column":5}},{"start":{},"end":{}}],"line":92},"8":{"loc":{"start":{"line":115,"column":4},"end":{"line":117,"column":5}},"type":"if","locations":[{"start":{"line":115,"column":4},"end":{"line":117,"column":5}},{"start":{},"end":{}}],"line":115}},"s":{"0":8,"1":8,"2":8,"3":9,"4":9,"5":8,"6":2,"7":2,"8":2,"9":2,"10":2,"11":2,"12":1,"13":1,"14":1,"15":0,"16":8,"17":3,"18":3,"19":3,"20":3,"21":3,"22":3,"23":1,"24":2,"25":2,"26":2,"27":0,"28":0,"29":2,"30":1,"31":1,"32":2,"33":1,"34":1,"35":2,"36":1,"37":1,"38":1,"39":1,"40":1,"41":0,"42":8,"43":2,"44":2,"45":2,"46":2,"47":2,"48":1,"49":1,"50":1,"51":0,"52":8,"53":2,"54":2,"55":2,"56":2,"57":2,"58":2,"59":1,"60":1,"61":2,"62":1,"63":1,"64":0},"f":{"0":9,"1":2,"2":3,"3":2,"4":2,"5":2},"b":{"0":[5,4],"1":[1,1],"2":[1,2],"3":[0,2],"4":[1,1],"5":[1,1],"6":[1,1],"7":[1,1],"8":[1,1]},"_coverageSchema":"1a1c01bbd47fc00a2c39e90264f33305004495a9","hash":"269cfc825af8a659c502757177b75fba955da2ca"}
,"C:\\Users\\skysk\\projects\\swpp-2025-project-team-15\\sumdays-backend\\controllers\\photosController.js": {"path":"C:\\Users\\skysk\\projects\\swpp-2025-project-team-15\\sumdays-backend\\controllers\\photosController.js","statementMap":{"0":{"start":{"line":1,"column":11},"end":{"line":1,"column":30}},"1":{"start":{"line":2,"column":11},"end":{"line":2,"column":24}},"2":{"start":{"line":3,"column":13},"end":{"line":3,"column":28}},"3":{"start":{"line":10,"column":17},"end":{"line":13,"column":3}},"4":{"start":{"line":14,"column":2},"end":{"line":14,"column":45}},"5":{"start":{"line":17,"column":0},"end":{"line":52,"column":2}},"6":{"start":{"line":18,"column":19},"end":{"line":18,"column":29}},"7":{"start":{"line":19,"column":49},"end":{"line":19,"column":57}},"8":{"start":{"line":20,"column":17},"end":{"line":20,"column":32}},"9":{"start":{"line":22,"column":2},"end":{"line":51,"column":3}},"10":{"start":{"line":24,"column":22},"end":{"line":24,"column":82}},"11":{"start":{"line":25,"column":4},"end":{"line":25,"column":80}},"12":{"start":{"line":25,"column":35},"end":{"line":25,"column":80}},"13":{"start":{"line":27,"column":20},"end":{"line":27,"column":64}},"14":{"start":{"line":28,"column":4},"end":{"line":28,"column":82}},"15":{"start":{"line":28,"column":18},"end":{"line":28,"column":82}},"16":{"start":{"line":30,"column":21},"end":{"line":30,"column":31}},"17":{"start":{"line":31,"column":22},"end":{"line":31,"column":44}},"18":{"start":{"line":32,"column":22},"end":{"line":32,"column":32}},"19":{"start":{"line":33,"column":21},"end":{"line":33,"column":69}},"20":{"start":{"line":34,"column":4},"end":{"line":34,"column":65}},"21":{"start":{"line":38,"column":27},"end":{"line":38,"column":62}},"22":{"start":{"line":39,"column":4},"end":{"line":41,"column":5}},"23":{"start":{"line":40,"column":6},"end":{"line":40,"column":72}},"24":{"start":{"line":42,"column":4},"end":{"line":45,"column":6}},"25":{"start":{"line":47,"column":4},"end":{"line":47,"column":68}},"26":{"start":{"line":50,"column":4},"end":{"line":50,"column":62}},"27":{"start":{"line":58,"column":0},"end":{"line":78,"column":2}},"28":{"start":{"line":59,"column":28},"end":{"line":59,"column":38}},"29":{"start":{"line":60,"column":17},"end":{"line":60,"column":32}},"30":{"start":{"line":62,"column":2},"end":{"line":77,"column":3}},"31":{"start":{"line":63,"column":27},"end":{"line":63,"column":62}},"32":{"start":{"line":64,"column":4},"end":{"line":66,"column":5}},"33":{"start":{"line":65,"column":6},"end":{"line":65,"column":72}},"34":{"start":{"line":68,"column":4},"end":{"line":68,"column":111}},"35":{"start":{"line":70,"column":21},"end":{"line":70,"column":100}},"36":{"start":{"line":71,"column":4},"end":{"line":71,"column":57}},"37":{"start":{"line":71,"column":33},"end":{"line":71,"column":57}},"38":{"start":{"line":72,"column":4},"end":{"line":72,"column":68}},"39":{"start":{"line":76,"column":4},"end":{"line":76,"column":62}},"40":{"start":{"line":84,"column":0},"end":{"line":105,"column":2}},"41":{"start":{"line":85,"column":19},"end":{"line":85,"column":29}},"42":{"start":{"line":86,"column":19},"end":{"line":86,"column":27}},"43":{"start":{"line":87,"column":17},"end":{"line":87,"column":32}},"44":{"start":{"line":89,"column":2},"end":{"line":104,"column":3}},"45":{"start":{"line":90,"column":27},"end":{"line":90,"column":62}},"46":{"start":{"line":91,"column":4},"end":{"line":93,"column":5}},"47":{"start":{"line":92,"column":6},"end":{"line":92,"column":72}},"48":{"start":{"line":95,"column":27},"end":{"line":97,"column":5}},"49":{"start":{"line":96,"column":6},"end":{"line":96,"column":131}},"50":{"start":{"line":99,"column":4},"end":{"line":99,"column":38}},"51":{"start":{"line":100,"column":4},"end":{"line":100,"column":74}},"52":{"start":{"line":103,"column":4},"end":{"line":103,"column":62}}},"fnMap":{"0":{"name":"getDailyEntryId","decl":{"start":{"line":9,"column":15},"end":{"line":9,"column":30}},"loc":{"start":{"line":9,"column":45},"end":{"line":15,"column":1}},"line":9},"1":{"name":"(anonymous_1)","decl":{"start":{"line":17,"column":22},"end":{"line":17,"column":23}},"loc":{"start":{"line":17,"column":42},"end":{"line":52,"column":1}},"line":17},"2":{"name":"(anonymous_2)","decl":{"start":{"line":58,"column":22},"end":{"line":58,"column":23}},"loc":{"start":{"line":58,"column":42},"end":{"line":78,"column":1}},"line":58},"3":{"name":"(anonymous_3)","decl":{"start":{"line":84,"column":24},"end":{"line":84,"column":25}},"loc":{"start":{"line":84,"column":44},"end":{"line":105,"column":1}},"line":84},"4":{"name":"(anonymous_4)","decl":{"start":{"line":95,"column":56},"end":{"line":95,"column":57}},"loc":{"start":{"line":96,"column":6},"end":{"line":96,"column":131}},"line":96}},"branchMap":{"0":{"loc":{"start":{"line":14,"column":9},"end":{"line":14,"column":44}},"type":"cond-expr","locations":[{"start":{"line":14,"column":27},"end":{"line":14,"column":37}},{"start":{"line":14,"column":40},"end":{"line":14,"column":44}}],"line":14},"1":{"loc":{"start":{"line":25,"column":4},"end":{"line":25,"column":80}},"type":"if","locations":[{"start":{"line":25,"column":4},"end":{"line":25,"column":80}},{"start":{},"end":{}}],"line":25},"2":{"loc":{"start":{"line":28,"column":4},"end":{"line":28,"column":82}},"type":"if","locations":[{"start":{"line":28,"column":4},"end":{"line":28,"column":82}},{"start":{},"end":{}}],"line":28},"3":{"loc":{"start":{"line":39,"column":4},"end":{"line":41,"column":5}},"type":"if","locations":[{"start":{"line":39,"column":4},"end":{"line":41,"column":5}},{"start":{},"end":{}}],"line":39},"4":{"loc":{"start":{"line":64,"column":4},"end":{"line":66,"column":5}},"type":"if","locations":[{"start":{"line":64,"column":4},"end":{"line":66,"column":5}},{"start":{},"end":{}}],"line":64},"5":{"loc":{"start":{"line":71,"column":4},"end":{"line":71,"column":57}},"type":"if","locations":[{"start":{"line":71,"column":4},"end":{"line":71,"column":57}},{"start":{},"end":{}}],"line":71},"6":{"loc":{"start":{"line":91,"column":4},"end":{"line":93,"column":5}},"type":"if","locations":[{"start":{"line":91,"column":4},"end":{"line":93,"column":5}},{"start":{},"end":{}}],"line":91}},"s":{"0":8,"1":8,"2":8,"3":6,"4":6,"5":8,"6":3,"7":3,"8":3,"9":3,"10":3,"11":3,"12":2,"13":3,"14":3,"15":1,"16":2,"17":2,"18":2,"19":2,"20":2,"21":2,"22":2,"23":1,"24":1,"25":1,"26":0,"27":8,"28":2,"29":2,"30":2,"31":2,"32":2,"33":1,"34":1,"35":1,"36":1,"37":1,"38":1,"39":0,"40":8,"41":2,"42":2,"43":2,"44":2,"45":2,"46":2,"47":1,"48":1,"49":2,"50":1,"51":1,"52":0},"f":{"0":6,"1":3,"2":2,"3":2,"4":2},"b":{"0":[3,3],"1":[2,1],"2":[1,2],"3":[1,1],"4":[1,1],"5":[1,0],"6":[1,1]},"_coverageSchema":"1a1c01bbd47fc00a2c39e90264f33305004495a9","hash":"a3d701eb250dcae034eb8df5c2b7565da5a750a1"}
,"C:\\Users\\skysk\\projects\\swpp-2025-project-team-15\\sumdays-backend\\controllers\\syncController.js": {"path":"C:\\Users\\skysk\\projects\\swpp-2025-project-team-15\\sumdays-backend\\controllers\\syncController.js","statementMap":{"0":{"start":{"line":1,"column":15},"end":{"line":1,"column":34}},"1":{"start":{"line":2,"column":13},"end":{"line":2,"column":28}},"2":{"start":{"line":3,"column":16},"end":{"line":3,"column":34}},"3":{"start":{"line":4,"column":11},"end":{"line":4,"column":24}},"4":{"start":{"line":8,"column":0},"end":{"line":147,"column":2}},"5":{"start":{"line":9,"column":2},"end":{"line":146,"column":3}},"6":{"start":{"line":10,"column":4},"end":{"line":10,"column":51}},"7":{"start":{"line":11,"column":31},"end":{"line":11,"column":39}},"8":{"start":{"line":12,"column":19},"end":{"line":12,"column":34}},"9":{"start":{"line":17,"column":23},"end":{"line":20,"column":5}},"10":{"start":{"line":22,"column":4},"end":{"line":38,"column":5}},"11":{"start":{"line":23,"column":6},"end":{"line":23,"column":56}},"12":{"start":{"line":25,"column":6},"end":{"line":34,"column":8}},"13":{"start":{"line":35,"column":6},"end":{"line":35,"column":50}},"14":{"start":{"line":37,"column":6},"end":{"line":37,"column":48}},"15":{"start":{"line":45,"column":19},"end":{"line":72,"column":5}},"16":{"start":{"line":46,"column":2},"end":{"line":46,"column":56}},"17":{"start":{"line":46,"column":49},"end":{"line":46,"column":56}},"18":{"start":{"line":48,"column":17},"end":{"line":48,"column":35}},"19":{"start":{"line":49,"column":23},"end":{"line":49,"column":56}},"20":{"start":{"line":49,"column":41},"end":{"line":49,"column":44}},"21":{"start":{"line":50,"column":18},"end":{"line":50,"column":72}},"22":{"start":{"line":50,"column":37},"end":{"line":50,"column":60}},"23":{"start":{"line":52,"column":14},"end":{"line":56,"column":3}},"24":{"start":{"line":54,"column":28},"end":{"line":54,"column":50}},"25":{"start":{"line":58,"column":17},"end":{"line":68,"column":4}},"26":{"start":{"line":58,"column":38},"end":{"line":68,"column":3}},"27":{"start":{"line":61,"column":20},"end":{"line":61,"column":27}},"28":{"start":{"line":63,"column":6},"end":{"line":65,"column":7}},"29":{"start":{"line":64,"column":8},"end":{"line":64,"column":37}},"30":{"start":{"line":66,"column":6},"end":{"line":66,"column":19}},"31":{"start":{"line":70,"column":2},"end":{"line":70,"column":32}},"32":{"start":{"line":71,"column":2},"end":{"line":71,"column":62}},"33":{"start":{"line":78,"column":4},"end":{"line":100,"column":5}},"34":{"start":{"line":79,"column":31},"end":{"line":85,"column":9}},"35":{"start":{"line":80,"column":12},"end":{"line":80,"column":64}},"36":{"start":{"line":80,"column":57},"end":{"line":80,"column":64}},"37":{"start":{"line":81,"column":33},"end":{"line":81,"column":61}},"38":{"start":{"line":81,"column":47},"end":{"line":81,"column":50}},"39":{"start":{"line":82,"column":24},"end":{"line":82,"column":101}},"40":{"start":{"line":83,"column":10},"end":{"line":83,"column":50}},"41":{"start":{"line":84,"column":12},"end":{"line":84,"column":71}},"42":{"start":{"line":88,"column":8},"end":{"line":90,"column":9}},"43":{"start":{"line":89,"column":12},"end":{"line":89,"column":66}},"44":{"start":{"line":91,"column":8},"end":{"line":93,"column":9}},"45":{"start":{"line":92,"column":12},"end":{"line":92,"column":76}},"46":{"start":{"line":94,"column":8},"end":{"line":96,"column":9}},"47":{"start":{"line":95,"column":12},"end":{"line":95,"column":77}},"48":{"start":{"line":97,"column":8},"end":{"line":99,"column":9}},"49":{"start":{"line":98,"column":12},"end":{"line":98,"column":83}},"50":{"start":{"line":102,"column":4},"end":{"line":134,"column":5}},"51":{"start":{"line":103,"column":6},"end":{"line":109,"column":7}},"52":{"start":{"line":104,"column":8},"end":{"line":108,"column":10}},"53":{"start":{"line":111,"column":6},"end":{"line":117,"column":7}},"54":{"start":{"line":112,"column":8},"end":{"line":116,"column":10}},"55":{"start":{"line":119,"column":6},"end":{"line":125,"column":7}},"56":{"start":{"line":120,"column":8},"end":{"line":124,"column":10}},"57":{"start":{"line":127,"column":6},"end":{"line":133,"column":7}},"58":{"start":{"line":128,"column":8},"end":{"line":132,"column":10}},"59":{"start":{"line":139,"column":4},"end":{"line":142,"column":7}},"60":{"start":{"line":144,"column":4},"end":{"line":144,"column":52}},"61":{"start":{"line":145,"column":4},"end":{"line":145,"column":70}},"62":{"start":{"line":151,"column":2},"end":{"line":155,"column":3}},"63":{"start":{"line":152,"column":4},"end":{"line":152,"column":44}},"64":{"start":{"line":154,"column":4},"end":{"line":154,"column":20}},"65":{"start":{"line":159,"column":0},"end":{"line":207,"column":2}},"66":{"start":{"line":160,"column":2},"end":{"line":206,"column":3}},"67":{"start":{"line":161,"column":19},"end":{"line":161,"column":34}},"68":{"start":{"line":163,"column":19},"end":{"line":165,"column":5}},"69":{"start":{"line":167,"column":25},"end":{"line":169,"column":5}},"70":{"start":{"line":171,"column":23},"end":{"line":173,"column":5}},"71":{"start":{"line":175,"column":24},"end":{"line":177,"column":5}},"72":{"start":{"line":180,"column":24},"end":{"line":186,"column":7}},"73":{"start":{"line":180,"column":45},"end":{"line":186,"column":5}},"74":{"start":{"line":188,"column":22},"end":{"line":194,"column":7}},"75":{"start":{"line":188,"column":44},"end":{"line":194,"column":5}},"76":{"start":{"line":197,"column":4},"end":{"line":202,"column":7}},"77":{"start":{"line":205,"column":4},"end":{"line":205,"column":66}}},"fnMap":{"0":{"name":"(anonymous_0)","decl":{"start":{"line":8,"column":19},"end":{"line":8,"column":20}},"loc":{"start":{"line":8,"column":39},"end":{"line":147,"column":1}},"line":8},"1":{"name":"(anonymous_1)","decl":{"start":{"line":45,"column":19},"end":{"line":45,"column":20}},"loc":{"start":{"line":45,"column":51},"end":{"line":72,"column":5}},"line":45},"2":{"name":"(anonymous_2)","decl":{"start":{"line":49,"column":35},"end":{"line":49,"column":36}},"loc":{"start":{"line":49,"column":41},"end":{"line":49,"column":44}},"line":49},"3":{"name":"(anonymous_3)","decl":{"start":{"line":50,"column":30},"end":{"line":50,"column":31}},"loc":{"start":{"line":50,"column":37},"end":{"line":50,"column":60}},"line":50},"4":{"name":"(anonymous_4)","decl":{"start":{"line":54,"column":22},"end":{"line":54,"column":23}},"loc":{"start":{"line":54,"column":28},"end":{"line":54,"column":50}},"line":54},"5":{"name":"(anonymous_5)","decl":{"start":{"line":58,"column":30},"end":{"line":58,"column":31}},"loc":{"start":{"line":58,"column":38},"end":{"line":68,"column":3}},"line":58},"6":{"name":"(anonymous_6)","decl":{"start":{"line":60,"column":19},"end":{"line":60,"column":20}},"loc":{"start":{"line":60,"column":24},"end":{"line":67,"column":5}},"line":60},"7":{"name":"(anonymous_7)","decl":{"start":{"line":79,"column":31},"end":{"line":79,"column":32}},"loc":{"start":{"line":79,"column":63},"end":{"line":85,"column":9}},"line":79},"8":{"name":"(anonymous_8)","decl":{"start":{"line":81,"column":41},"end":{"line":81,"column":42}},"loc":{"start":{"line":81,"column":47},"end":{"line":81,"column":50}},"line":81},"9":{"name":"safeParse","decl":{"start":{"line":150,"column":9},"end":{"line":150,"column":18}},"loc":{"start":{"line":150,"column":34},"end":{"line":156,"column":1}},"line":150},"10":{"name":"(anonymous_10)","decl":{"start":{"line":159,"column":26},"end":{"line":159,"column":27}},"loc":{"start":{"line":159,"column":46},"end":{"line":207,"column":1}},"line":159},"11":{"name":"(anonymous_11)","decl":{"start":{"line":180,"column":37},"end":{"line":180,"column":38}},"loc":{"start":{"line":180,"column":45},"end":{"line":186,"column":5}},"line":180},"12":{"name":"(anonymous_12)","decl":{"start":{"line":188,"column":36},"end":{"line":188,"column":37}},"loc":{"start":{"line":188,"column":44},"end":{"line":194,"column":5}},"line":188}},"branchMap":{"0":{"loc":{"start":{"line":22,"column":4},"end":{"line":38,"column":5}},"type":"if","locations":[{"start":{"line":22,"column":4},"end":{"line":38,"column":5}},{"start":{"line":36,"column":11},"end":{"line":38,"column":5}}],"line":22},"1":{"loc":{"start":{"line":46,"column":2},"end":{"line":46,"column":56}},"type":"if","locations":[{"start":{"line":46,"column":2},"end":{"line":46,"column":56}},{"start":{},"end":{}}],"line":46},"2":{"loc":{"start":{"line":46,"column":6},"end":{"line":46,"column":47}},"type":"binary-expr","locations":[{"start":{"line":46,"column":6},"end":{"line":46,"column":26}},{"start":{"line":46,"column":30},"end":{"line":46,"column":47}}],"line":46},"3":{"loc":{"start":{"line":63,"column":6},"end":{"line":65,"column":7}},"type":"if","locations":[{"start":{"line":63,"column":6},"end":{"line":65,"column":7}},{"start":{},"end":{}}],"line":63},"4":{"loc":{"start":{"line":63,"column":10},"end":{"line":63,"column":53}},"type":"binary-expr","locations":[{"start":{"line":63,"column":10},"end":{"line":63,"column":35}},{"start":{"line":63,"column":39},"end":{"line":63,"column":53}}],"line":63},"5":{"loc":{"start":{"line":78,"column":4},"end":{"line":100,"column":5}},"type":"if","locations":[{"start":{"line":78,"column":4},"end":{"line":100,"column":5}},{"start":{},"end":{}}],"line":78},"6":{"loc":{"start":{"line":80,"column":12},"end":{"line":80,"column":64}},"type":"if","locations":[{"start":{"line":80,"column":12},"end":{"line":80,"column":64}},{"start":{},"end":{}}],"line":80},"7":{"loc":{"start":{"line":80,"column":16},"end":{"line":80,"column":55}},"type":"binary-expr","locations":[{"start":{"line":80,"column":16},"end":{"line":80,"column":35}},{"start":{"line":80,"column":39},"end":{"line":80,"column":55}}],"line":80},"8":{"loc":{"start":{"line":88,"column":8},"end":{"line":90,"column":9}},"type":"if","locations":[{"start":{"line":88,"column":8},"end":{"line":90,"column":9}},{"start":{},"end":{}}],"line":88},"9":{"loc":{"start":{"line":91,"column":8},"end":{"line":93,"column":9}},"type":"if","locations":[{"start":{"line":91,"column":8},"end":{"line":93,"column":9}},{"start":{},"end":{}}],"line":91},"10":{"loc":{"start":{"line":94,"column":8},"end":{"line":96,"column":9}},"type":"if","locations":[{"start":{"line":94,"column":8},"end":{"line":96,"column":9}},{"start":{},"end":{}}],"line":94},"11":{"loc":{"start":{"line":97,"column":8},"end":{"line":99,"column":9}},"type":"if","locations":[{"start":{"line":97,"column":8},"end":{"line":99,"column":9}},{"start":{},"end":{}}],"line":97},"12":{"loc":{"start":{"line":102,"column":4},"end":{"line":134,"column":5}},"type":"if","locations":[{"start":{"line":102,"column":4},"end":{"line":134,"column":5}},{"start":{},"end":{}}],"line":102},"13":{"loc":{"start":{"line":103,"column":6},"end":{"line":109,"column":7}},"type":"if","locations":[{"start":{"line":103,"column":6},"end":{"line":109,"column":7}},{"start":{},"end":{}}],"line":103},"14":{"loc":{"start":{"line":111,"column":6},"end":{"line":117,"column":7}},"type":"if","locations":[{"start":{"line":111,"column":6},"end":{"line":117,"column":7}},{"start":{},"end":{}}],"line":111},"15":{"loc":{"start":{"line":119,"column":6},"end":{"line":125,"column":7}},"type":"if","locations":[{"start":{"line":119,"column":6},"end":{"line":125,"column":7}},{"start":{},"end":{}}],"line":119},"16":{"loc":{"start":{"line":127,"column":6},"end":{"line":133,"column":7}},"type":"if","locations":[{"start":{"line":127,"column":6},"end":{"line":133,"column":7}},{"start":{},"end":{}}],"line":127},"17":{"loc":{"start":{"line":152,"column":11},"end":{"line":152,"column":43}},"type":"cond-expr","locations":[{"start":{"line":152,"column":17},"end":{"line":152,"column":32}},{"start":{"line":152,"column":35},"end":{"line":152,"column":43}}],"line":152}},"s":{"0":7,"1":7,"2":7,"3":7,"4":7,"5":0,"6":0,"7":0,"8":0,"9":0,"10":0,"11":0,"12":0,"13":0,"14":0,"15":0,"16":0,"17":0,"18":0,"19":0,"20":0,"21":0,"22":0,"23":0,"24":0,"25":0,"26":0,"27":0,"28":0,"29":0,"30":0,"31":0,"32":0,"33":0,"34":0,"35":0,"36":0,"37":0,"38":0,"39":0,"40":0,"41":0,"42":0,"43":0,"44":0,"45":0,"46":0,"47":0,"48":0,"49":0,"50":0,"51":0,"52":0,"53":0,"54":0,"55":0,"56":0,"57":0,"58":0,"59":0,"60":0,"61":0,"62":0,"63":0,"64":0,"65":7,"66":0,"67":0,"68":0,"69":0,"70":0,"71":0,"72":0,"73":0,"74":0,"75":0,"76":0,"77":0},"f":{"0":0,"1":0,"2":0,"3":0,"4":0,"5":0,"6":0,"7":0,"8":0,"9":0,"10":0,"11":0,"12":0},"b":{"0":[0,0],"1":[0,0],"2":[0,0],"3":[0,0],"4":[0,0],"5":[0,0],"6":[0,0],"7":[0,0],"8":[0,0],"9":[0,0],"10":[0,0],"11":[0,0],"12":[0,0],"13":[0,0],"14":[0,0],"15":[0,0],"16":[0,0],"17":[0,0]},"_coverageSchema":"1a1c01bbd47fc00a2c39e90264f33305004495a9","hash":"5b9afb0b85f0b17bdf1a0d5da23b0d04d9e4041f"}
,"C:\\Users\\skysk\\projects\\swpp-2025-project-team-15\\sumdays-backend\\controllers\\ai\\analyzeController.js": {"path":"C:\\Users\\skysk\\projects\\swpp-2025-project-team-15\\sumdays-backend\\controllers\\ai\\analyzeController.js","statementMap":{"0":{"start":{"line":1,"column":14},"end":{"line":1,"column":30}},"1":{"start":{"line":2,"column":26},"end":{"line":2,"column":51}},"2":{"start":{"line":4,"column":22},"end":{"line":4,"column":23}},"3":{"start":{"line":5,"column":28},"end":{"line":5,"column":29}},"4":{"start":{"line":7,"column":26},"end":{"line":160,"column":1}},"5":{"start":{"line":15,"column":8},"end":{"line":55,"column":9}},"6":{"start":{"line":16,"column":32},"end":{"line":16,"column":40}},"7":{"start":{"line":18,"column":12},"end":{"line":23,"column":13}},"8":{"start":{"line":19,"column":16},"end":{"line":22,"column":19}},"9":{"start":{"line":26,"column":34},"end":{"line":26,"column":64}},"10":{"start":{"line":27,"column":33},"end":{"line":27,"column":75}},"11":{"start":{"line":30,"column":29},"end":{"line":30,"column":96}},"12":{"start":{"line":32,"column":12},"end":{"line":38,"column":13}},"13":{"start":{"line":33,"column":16},"end":{"line":37,"column":19}},"14":{"start":{"line":41,"column":12},"end":{"line":41,"column":72}},"15":{"start":{"line":42,"column":12},"end":{"line":42,"column":70}},"16":{"start":{"line":45,"column":12},"end":{"line":48,"column":15}},"17":{"start":{"line":50,"column":12},"end":{"line":50,"column":83}},"18":{"start":{"line":51,"column":12},"end":{"line":54,"column":15}},"19":{"start":{"line":128,"column":8},"end":{"line":158,"column":9}},"20":{"start":{"line":129,"column":30},"end":{"line":129,"column":38}},"21":{"start":{"line":131,"column":12},"end":{"line":136,"column":13}},"22":{"start":{"line":132,"column":16},"end":{"line":135,"column":18}},"23":{"start":{"line":138,"column":29},"end":{"line":138,"column":95}},"24":{"start":{"line":140,"column":12},"end":{"line":146,"column":13}},"25":{"start":{"line":141,"column":16},"end":{"line":145,"column":19}},"26":{"start":{"line":148,"column":12},"end":{"line":151,"column":15}},"27":{"start":{"line":153,"column":12},"end":{"line":153,"column":77}},"28":{"start":{"line":154,"column":12},"end":{"line":157,"column":15}},"29":{"start":{"line":167,"column":27},"end":{"line":167,"column":62}},"30":{"start":{"line":167,"column":41},"end":{"line":167,"column":61}},"31":{"start":{"line":168,"column":19},"end":{"line":168,"column":77}},"32":{"start":{"line":168,"column":48},"end":{"line":168,"column":51}},"33":{"start":{"line":169,"column":4},"end":{"line":169,"column":36}},"34":{"start":{"line":176,"column":17},"end":{"line":176,"column":57}},"35":{"start":{"line":177,"column":4},"end":{"line":181,"column":7}},"36":{"start":{"line":178,"column":8},"end":{"line":180,"column":28}},"37":{"start":{"line":178,"column":35},"end":{"line":178,"column":51}},"38":{"start":{"line":179,"column":13},"end":{"line":180,"column":28}},"39":{"start":{"line":179,"column":41},"end":{"line":179,"column":57}},"40":{"start":{"line":180,"column":13},"end":{"line":180,"column":28}},"41":{"start":{"line":182,"column":4},"end":{"line":182,"column":16}},"42":{"start":{"line":213,"column":4},"end":{"line":256,"column":6}},"43":{"start":{"line":265,"column":4},"end":{"line":306,"column":6}},"44":{"start":{"line":309,"column":0},"end":{"line":309,"column":35}}},"fnMap":{"0":{"name":"(anonymous_0)","decl":{"start":{"line":14,"column":19},"end":{"line":14,"column":20}},"loc":{"start":{"line":14,"column":39},"end":{"line":56,"column":5}},"line":14},"1":{"name":"(anonymous_1)","decl":{"start":{"line":127,"column":13},"end":{"line":127,"column":14}},"loc":{"start":{"line":127,"column":33},"end":{"line":159,"column":5}},"line":127},"2":{"name":"calculateAverageScore","decl":{"start":{"line":166,"column":9},"end":{"line":166,"column":30}},"loc":{"start":{"line":166,"column":37},"end":{"line":170,"column":1}},"line":166},"3":{"name":"(anonymous_3)","decl":{"start":{"line":167,"column":36},"end":{"line":167,"column":37}},"loc":{"start":{"line":167,"column":41},"end":{"line":167,"column":61}},"line":167},"4":{"name":"(anonymous_4)","decl":{"start":{"line":168,"column":41},"end":{"line":168,"column":42}},"loc":{"start":{"line":168,"column":48},"end":{"line":168,"column":51}},"line":168},"5":{"name":"calculateEmotionDistribution_week","decl":{"start":{"line":175,"column":9},"end":{"line":175,"column":42}},"loc":{"start":{"line":175,"column":52},"end":{"line":183,"column":1}},"line":175},"6":{"name":"(anonymous_6)","decl":{"start":{"line":177,"column":20},"end":{"line":177,"column":21}},"loc":{"start":{"line":177,"column":25},"end":{"line":181,"column":5}},"line":177},"7":{"name":"getUserDiariesMock","decl":{"start":{"line":212,"column":15},"end":{"line":212,"column":33}},"loc":{"start":{"line":212,"column":51},"end":{"line":257,"column":1}},"line":212},"8":{"name":"getUserWeeksMock","decl":{"start":{"line":264,"column":15},"end":{"line":264,"column":31}},"loc":{"start":{"line":264,"column":49},"end":{"line":307,"column":1}},"line":264}},"branchMap":{"0":{"loc":{"start":{"line":18,"column":12},"end":{"line":23,"column":13}},"type":"if","locations":[{"start":{"line":18,"column":12},"end":{"line":23,"column":13}},{"start":{},"end":{}}],"line":18},"1":{"loc":{"start":{"line":18,"column":16},"end":{"line":18,"column":58}},"type":"binary-expr","locations":[{"start":{"line":18,"column":16},"end":{"line":18,"column":24}},{"start":{"line":18,"column":28},"end":{"line":18,"column":58}}],"line":18},"2":{"loc":{"start":{"line":32,"column":12},"end":{"line":38,"column":13}},"type":"if","locations":[{"start":{"line":32,"column":12},"end":{"line":38,"column":13}},{"start":{},"end":{}}],"line":32},"3":{"loc":{"start":{"line":131,"column":12},"end":{"line":136,"column":13}},"type":"if","locations":[{"start":{"line":131,"column":12},"end":{"line":136,"column":13}},{"start":{},"end":{}}],"line":131},"4":{"loc":{"start":{"line":140,"column":12},"end":{"line":146,"column":13}},"type":"if","locations":[{"start":{"line":140,"column":12},"end":{"line":146,"column":13}},{"start":{},"end":{}}],"line":140},"5":{"loc":{"start":{"line":167,"column":41},"end":{"line":167,"column":61}},"type":"binary-expr","locations":[{"start":{"line":167,"column":41},"end":{"line":167,"column":56}},{"start":{"line":167,"column":60},"end":{"line":167,"column":61}}],"line":167},"6":{"loc":{"start":{"line":178,"column":8},"end":{"line":180,"column":28}},"type":"if","locations":[{"start":{"line":178,"column":8},"end":{"line":180,"column":28}},{"start":{"line":179,"column":13},"end":{"line":180,"column":28}}],"line":178},"7":{"loc":{"start":{"line":179,"column":13},"end":{"line":180,"column":28}},"type":"if","locations":[{"start":{"line":179,"column":13},"end":{"line":180,"column":28}},{"start":{"line":180,"column":13},"end":{"line":180,"column":28}}],"line":179}},"s":{"0":7,"1":7,"2":7,"3":7,"4":7,"5":2,"6":2,"7":2,"8":1,"9":1,"10":1,"11":1,"12":1,"13":0,"14":1,"15":1,"16":1,"17":0,"18":0,"19":3,"20":3,"21":3,"22":1,"23":2,"24":1,"25":0,"26":1,"27":1,"28":1,"29":1,"30":7,"31":1,"32":7,"33":1,"34":1,"35":1,"36":7,"37":4,"38":3,"39":2,"40":1,"41":1,"42":0,"43":0,"44":7},"f":{"0":2,"1":3,"2":1,"3":7,"4":7,"5":1,"6":7,"7":0,"8":0},"b":{"0":[1,1],"1":[2,1],"2":[0,1],"3":[1,2],"4":[0,1],"5":[7,0],"6":[4,3],"7":[2,1]},"_coverageSchema":"1a1c01bbd47fc00a2c39e90264f33305004495a9","hash":"d2ac5e6320a12d0629e327528b26cc7c1dd2f9ec"}
,"C:\\Users\\skysk\\projects\\swpp-2025-project-team-15\\sumdays-backend\\controllers\\ai\\extractController.js": {"path":"C:\\Users\\skysk\\projects\\swpp-2025-project-team-15\\sumdays-backend\\controllers\\ai\\extractController.js","statementMap":{"0":{"start":{"line":1,"column":14},"end":{"line":1,"column":30}},"1":{"start":{"line":2,"column":17},"end":{"line":2,"column":37}},"2":{"start":{"line":3,"column":11},"end":{"line":3,"column":24}},"3":{"start":{"line":4,"column":26},"end":{"line":4,"column":51}},"4":{"start":{"line":6,"column":26},"end":{"line":63,"column":1}},"5":{"start":{"line":14,"column":8},"end":{"line":61,"column":9}},"6":{"start":{"line":15,"column":26},"end":{"line":15,"column":28}},"7":{"start":{"line":17,"column":12},"end":{"line":23,"column":13}},"8":{"start":{"line":18,"column":16},"end":{"line":22,"column":17}},"9":{"start":{"line":19,"column":20},"end":{"line":19,"column":59}},"10":{"start":{"line":21,"column":20},"end":{"line":21,"column":47}},"11":{"start":{"line":25,"column":29},"end":{"line":25,"column":43}},"12":{"start":{"line":26,"column":12},"end":{"line":26,"column":64}},"13":{"start":{"line":28,"column":12},"end":{"line":32,"column":13}},"14":{"start":{"line":29,"column":16},"end":{"line":31,"column":17}},"15":{"start":{"line":30,"column":20},"end":{"line":30,"column":78}},"16":{"start":{"line":34,"column":29},"end":{"line":38,"column":14}},"17":{"start":{"line":40,"column":12},"end":{"line":46,"column":13}},"18":{"start":{"line":41,"column":16},"end":{"line":45,"column":17}},"19":{"start":{"line":42,"column":20},"end":{"line":44,"column":23}},"20":{"start":{"line":43,"column":24},"end":{"line":43,"column":81}},"21":{"start":{"line":43,"column":33},"end":{"line":43,"column":81}},"22":{"start":{"line":48,"column":12},"end":{"line":53,"column":15}},"23":{"start":{"line":56,"column":12},"end":{"line":56,"column":82}},"24":{"start":{"line":57,"column":12},"end":{"line":60,"column":15}},"25":{"start":{"line":65,"column":0},"end":{"line":65,"column":35}}},"fnMap":{"0":{"name":"(anonymous_0)","decl":{"start":{"line":13,"column":18},"end":{"line":13,"column":19}},"loc":{"start":{"line":13,"column":38},"end":{"line":62,"column":5}},"line":13},"1":{"name":"(anonymous_1)","decl":{"start":{"line":42,"column":41},"end":{"line":42,"column":42}},"loc":{"start":{"line":42,"column":50},"end":{"line":44,"column":21}},"line":42}},"branchMap":{"0":{"loc":{"start":{"line":17,"column":12},"end":{"line":23,"column":13}},"type":"if","locations":[{"start":{"line":17,"column":12},"end":{"line":23,"column":13}},{"start":{},"end":{}}],"line":17},"1":{"loc":{"start":{"line":28,"column":12},"end":{"line":32,"column":13}},"type":"if","locations":[{"start":{"line":28,"column":12},"end":{"line":32,"column":13}},{"start":{},"end":{}}],"line":28},"2":{"loc":{"start":{"line":28,"column":16},"end":{"line":28,"column":49}},"type":"binary-expr","locations":[{"start":{"line":28,"column":16},"end":{"line":28,"column":25}},{"start":{"line":28,"column":29},"end":{"line":28,"column":49}}],"line":28},"3":{"loc":{"start":{"line":40,"column":12},"end":{"line":46,"column":13}},"type":"if","locations":[{"start":{"line":40,"column":12},"end":{"line":46,"column":13}},{"start":{},"end":{}}],"line":40},"4":{"loc":{"start":{"line":43,"column":24},"end":{"line":43,"column":81}},"type":"if","locations":[{"start":{"line":43,"column":24},"end":{"line":43,"column":81}},{"start":{},"end":{}}],"line":43}},"s":{"0":7,"1":7,"2":7,"3":7,"4":7,"5":6,"6":6,"7":6,"8":5,"9":5,"10":1,"11":5,"12":5,"13":5,"14":1,"15":1,"16":5,"17":3,"18":3,"19":1,"20":1,"21":1,"22":3,"23":3,"24":3,"25":7},"f":{"0":6,"1":1},"b":{"0":[5,0],"1":[1,4],"2":[5,5],"3":[3,0],"4":[1,0]},"_coverageSchema":"1a1c01bbd47fc00a2c39e90264f33305004495a9","hash":"724c976367d412be73c4685a061fdd12253974b5"}
,"C:\\Users\\skysk\\projects\\swpp-2025-project-team-15\\sumdays-backend\\controllers\\ai\\mergeController.js": {"path":"C:\\Users\\skysk\\projects\\swpp-2025-project-team-15\\sumdays-backend\\controllers\\ai\\mergeController.js","statementMap":{"0":{"start":{"line":1,"column":14},"end":{"line":1,"column":30}},"1":{"start":{"line":2,"column":26},"end":{"line":2,"column":51}},"2":{"start":{"line":4,"column":24},"end":{"line":76,"column":1}},"3":{"start":{"line":12,"column":8},"end":{"line":74,"column":9}},"4":{"start":{"line":13,"column":112},"end":{"line":13,"column":120}},"5":{"start":{"line":15,"column":12},"end":{"line":20,"column":13}},"6":{"start":{"line":16,"column":16},"end":{"line":19,"column":19}},"7":{"start":{"line":22,"column":12},"end":{"line":27,"column":13}},"8":{"start":{"line":23,"column":16},"end":{"line":26,"column":19}},"9":{"start":{"line":29,"column":12},"end":{"line":29,"column":52}},"10":{"start":{"line":29,"column":33},"end":{"line":29,"column":50}},"11":{"start":{"line":31,"column":12},"end":{"line":66,"column":13}},"12":{"start":{"line":32,"column":33},"end":{"line":36,"column":17}},"13":{"start":{"line":38,"column":16},"end":{"line":43,"column":17}},"14":{"start":{"line":39,"column":20},"end":{"line":42,"column":23}},"15":{"start":{"line":45,"column":16},"end":{"line":45,"column":75}},"16":{"start":{"line":46,"column":16},"end":{"line":46,"column":40}},"17":{"start":{"line":47,"column":16},"end":{"line":47,"column":23}},"18":{"start":{"line":49,"column":33},"end":{"line":52,"column":17}},"19":{"start":{"line":54,"column":16},"end":{"line":60,"column":17}},"20":{"start":{"line":55,"column":20},"end":{"line":59,"column":23}},"21":{"start":{"line":62,"column":16},"end":{"line":65,"column":19}},"22":{"start":{"line":69,"column":12},"end":{"line":69,"column":73}},"23":{"start":{"line":70,"column":12},"end":{"line":73,"column":15}},"24":{"start":{"line":78,"column":0},"end":{"line":78,"column":33}}},"fnMap":{"0":{"name":"(anonymous_0)","decl":{"start":{"line":11,"column":11},"end":{"line":11,"column":12}},"loc":{"start":{"line":11,"column":31},"end":{"line":75,"column":5}},"line":11},"1":{"name":"(anonymous_1)","decl":{"start":{"line":29,"column":23},"end":{"line":29,"column":24}},"loc":{"start":{"line":29,"column":33},"end":{"line":29,"column":50}},"line":29}},"branchMap":{"0":{"loc":{"start":{"line":15,"column":12},"end":{"line":20,"column":13}},"type":"if","locations":[{"start":{"line":15,"column":12},"end":{"line":20,"column":13}},{"start":{},"end":{}}],"line":15},"1":{"loc":{"start":{"line":15,"column":16},"end":{"line":15,"column":67}},"type":"binary-expr","locations":[{"start":{"line":15,"column":16},"end":{"line":15,"column":22}},{"start":{"line":15,"column":26},"end":{"line":15,"column":47}},{"start":{"line":15,"column":51},"end":{"line":15,"column":67}}],"line":15},"2":{"loc":{"start":{"line":22,"column":12},"end":{"line":27,"column":13}},"type":"if","locations":[{"start":{"line":22,"column":12},"end":{"line":27,"column":13}},{"start":{},"end":{}}],"line":22},"3":{"loc":{"start":{"line":22,"column":16},"end":{"line":22,"column":48}},"type":"binary-expr","locations":[{"start":{"line":22,"column":16},"end":{"line":22,"column":29}},{"start":{"line":22,"column":33},"end":{"line":22,"column":48}}],"line":22},"4":{"loc":{"start":{"line":31,"column":12},"end":{"line":66,"column":13}},"type":"if","locations":[{"start":{"line":31,"column":12},"end":{"line":66,"column":13}},{"start":{"line":48,"column":19},"end":{"line":66,"column":13}}],"line":31},"5":{"loc":{"start":{"line":38,"column":16},"end":{"line":43,"column":17}},"type":"if","locations":[{"start":{"line":38,"column":16},"end":{"line":43,"column":17}},{"start":{},"end":{}}],"line":38},"6":{"loc":{"start":{"line":38,"column":20},"end":{"line":38,"column":57}},"type":"binary-expr","locations":[{"start":{"line":38,"column":20},"end":{"line":38,"column":34}},{"start":{"line":38,"column":38},"end":{"line":38,"column":57}}],"line":38},"7":{"loc":{"start":{"line":54,"column":16},"end":{"line":60,"column":17}},"type":"if","locations":[{"start":{"line":54,"column":16},"end":{"line":60,"column":17}},{"start":{},"end":{}}],"line":54},"8":{"loc":{"start":{"line":72,"column":23},"end":{"line":72,"column":41}},"type":"binary-expr","locations":[{"start":{"line":72,"column":23},"end":{"line":72,"column":34}},{"start":{"line":72,"column":38},"end":{"line":72,"column":41}}],"line":72}},"s":{"0":7,"1":7,"2":7,"3":9,"4":9,"5":9,"6":1,"7":8,"8":1,"9":7,"10":10,"11":7,"12":4,"13":3,"14":1,"15":2,"16":2,"17":2,"18":3,"19":3,"20":1,"21":2,"22":1,"23":1,"24":7},"f":{"0":9,"1":10},"b":{"0":[1,8],"1":[9,9,9],"2":[1,7],"3":[8,7],"4":[4,3],"5":[1,2],"6":[3,2],"7":[1,2],"8":[1,0]},"_coverageSchema":"1a1c01bbd47fc00a2c39e90264f33305004495a9","hash":"ec87a326aee623d9b7f8a224b91e1039141eaab7"}
,"C:\\Users\\skysk\\projects\\swpp-2025-project-team-15\\sumdays-backend\\controllers\\ai\\ocrController.js": {"path":"C:\\Users\\skysk\\projects\\swpp-2025-project-team-15\\sumdays-backend\\controllers\\ai\\ocrController.js","statementMap":{"0":{"start":{"line":1,"column":14},"end":{"line":1,"column":30}},"1":{"start":{"line":2,"column":17},"end":{"line":2,"column":37}},"2":{"start":{"line":3,"column":11},"end":{"line":3,"column":24}},"3":{"start":{"line":4,"column":26},"end":{"line":4,"column":51}},"4":{"start":{"line":6,"column":22},"end":{"line":91,"column":1}},"5":{"start":{"line":14,"column":8},"end":{"line":48,"column":9}},"6":{"start":{"line":15,"column":12},"end":{"line":17,"column":13}},"7":{"start":{"line":16,"column":16},"end":{"line":16,"column":82}},"8":{"start":{"line":19,"column":33},"end":{"line":19,"column":46}},"9":{"start":{"line":20,"column":12},"end":{"line":22,"column":13}},"10":{"start":{"line":21,"column":16},"end":{"line":21,"column":81}},"11":{"start":{"line":24,"column":29},"end":{"line":24,"column":43}},"12":{"start":{"line":25,"column":12},"end":{"line":25,"column":73}},"13":{"start":{"line":26,"column":12},"end":{"line":26,"column":50}},"14":{"start":{"line":28,"column":29},"end":{"line":32,"column":14}},"15":{"start":{"line":34,"column":12},"end":{"line":36,"column":15}},"16":{"start":{"line":35,"column":16},"end":{"line":35,"column":73}},"17":{"start":{"line":35,"column":25},"end":{"line":35,"column":73}},"18":{"start":{"line":38,"column":12},"end":{"line":42,"column":15}},"19":{"start":{"line":44,"column":12},"end":{"line":44,"column":74}},"20":{"start":{"line":45,"column":12},"end":{"line":47,"column":15}},"21":{"start":{"line":57,"column":8},"end":{"line":89,"column":9}},"22":{"start":{"line":58,"column":31},"end":{"line":58,"column":40}},"23":{"start":{"line":59,"column":12},"end":{"line":61,"column":13}},"24":{"start":{"line":60,"column":16},"end":{"line":60,"column":83}},"25":{"start":{"line":63,"column":29},"end":{"line":63,"column":43}},"26":{"start":{"line":64,"column":12},"end":{"line":66,"column":13}},"27":{"start":{"line":65,"column":16},"end":{"line":65,"column":78}},"28":{"start":{"line":68,"column":29},"end":{"line":72,"column":14}},"29":{"start":{"line":74,"column":12},"end":{"line":78,"column":13}},"30":{"start":{"line":75,"column":16},"end":{"line":77,"column":19}},"31":{"start":{"line":76,"column":20},"end":{"line":76,"column":77}},"32":{"start":{"line":76,"column":29},"end":{"line":76,"column":77}},"33":{"start":{"line":80,"column":12},"end":{"line":83,"column":15}},"34":{"start":{"line":85,"column":12},"end":{"line":85,"column":75}},"35":{"start":{"line":86,"column":12},"end":{"line":88,"column":15}},"36":{"start":{"line":93,"column":0},"end":{"line":93,"column":31}}},"fnMap":{"0":{"name":"(anonymous_0)","decl":{"start":{"line":13,"column":10},"end":{"line":13,"column":11}},"loc":{"start":{"line":13,"column":30},"end":{"line":49,"column":5}},"line":13},"1":{"name":"(anonymous_1)","decl":{"start":{"line":34,"column":37},"end":{"line":34,"column":38}},"loc":{"start":{"line":34,"column":46},"end":{"line":36,"column":13}},"line":34},"2":{"name":"(anonymous_2)","decl":{"start":{"line":56,"column":11},"end":{"line":56,"column":12}},"loc":{"start":{"line":56,"column":31},"end":{"line":90,"column":5}},"line":56},"3":{"name":"(anonymous_3)","decl":{"start":{"line":75,"column":37},"end":{"line":75,"column":38}},"loc":{"start":{"line":75,"column":46},"end":{"line":77,"column":17}},"line":75}},"branchMap":{"0":{"loc":{"start":{"line":15,"column":12},"end":{"line":17,"column":13}},"type":"if","locations":[{"start":{"line":15,"column":12},"end":{"line":17,"column":13}},{"start":{},"end":{}}],"line":15},"1":{"loc":{"start":{"line":20,"column":12},"end":{"line":22,"column":13}},"type":"if","locations":[{"start":{"line":20,"column":12},"end":{"line":22,"column":13}},{"start":{},"end":{}}],"line":20},"2":{"loc":{"start":{"line":35,"column":16},"end":{"line":35,"column":73}},"type":"if","locations":[{"start":{"line":35,"column":16},"end":{"line":35,"column":73}},{"start":{},"end":{}}],"line":35},"3":{"loc":{"start":{"line":59,"column":12},"end":{"line":61,"column":13}},"type":"if","locations":[{"start":{"line":59,"column":12},"end":{"line":61,"column":13}},{"start":{},"end":{}}],"line":59},"4":{"loc":{"start":{"line":59,"column":16},"end":{"line":59,"column":54}},"type":"binary-expr","locations":[{"start":{"line":59,"column":16},"end":{"line":59,"column":27}},{"start":{"line":59,"column":31},"end":{"line":59,"column":54}}],"line":59},"5":{"loc":{"start":{"line":76,"column":20},"end":{"line":76,"column":77}},"type":"if","locations":[{"start":{"line":76,"column":20},"end":{"line":76,"column":77}},{"start":{},"end":{}}],"line":76}},"s":{"0":7,"1":7,"2":7,"3":7,"4":7,"5":4,"6":4,"7":1,"8":3,"9":3,"10":1,"11":2,"12":2,"13":2,"14":2,"15":1,"16":1,"17":0,"18":1,"19":1,"20":1,"21":2,"22":2,"23":2,"24":1,"25":1,"26":1,"27":2,"28":1,"29":1,"30":2,"31":2,"32":0,"33":1,"34":0,"35":0,"36":7},"f":{"0":4,"1":1,"2":2,"3":2},"b":{"0":[1,3],"1":[1,2],"2":[0,1],"3":[1,1],"4":[2,1],"5":[0,2]},"_coverageSchema":"1a1c01bbd47fc00a2c39e90264f33305004495a9","hash":"3713e01ea5ec1e31fc33f399511eaee687db29d9"}
,"C:\\Users\\skysk\\projects\\swpp-2025-project-team-15\\sumdays-backend\\controllers\\ai\\sttController.js": {"path":"C:\\Users\\skysk\\projects\\swpp-2025-project-team-15\\sumdays-backend\\controllers\\ai\\sttController.js","statementMap":{"0":{"start":{"line":1,"column":14},"end":{"line":1,"column":30}},"1":{"start":{"line":2,"column":17},"end":{"line":2,"column":37}},"2":{"start":{"line":3,"column":11},"end":{"line":3,"column":24}},"3":{"start":{"line":4,"column":26},"end":{"line":4,"column":51}},"4":{"start":{"line":6,"column":22},"end":{"line":42,"column":1}},"5":{"start":{"line":12,"column":8},"end":{"line":40,"column":9}},"6":{"start":{"line":13,"column":12},"end":{"line":15,"column":13}},"7":{"start":{"line":14,"column":16},"end":{"line":14,"column":82}},"8":{"start":{"line":17,"column":29},"end":{"line":17,"column":43}},"9":{"start":{"line":18,"column":12},"end":{"line":18,"column":73}},"10":{"start":{"line":20,"column":29},"end":{"line":24,"column":14}},"11":{"start":{"line":26,"column":12},"end":{"line":28,"column":15}},"12":{"start":{"line":27,"column":16},"end":{"line":27,"column":73}},"13":{"start":{"line":27,"column":25},"end":{"line":27,"column":73}},"14":{"start":{"line":30,"column":12},"end":{"line":33,"column":15}},"15":{"start":{"line":35,"column":12},"end":{"line":35,"column":73}},"16":{"start":{"line":36,"column":12},"end":{"line":39,"column":15}},"17":{"start":{"line":44,"column":0},"end":{"line":44,"column":31}}},"fnMap":{"0":{"name":"(anonymous_0)","decl":{"start":{"line":11,"column":10},"end":{"line":11,"column":11}},"loc":{"start":{"line":11,"column":30},"end":{"line":41,"column":5}},"line":11},"1":{"name":"(anonymous_1)","decl":{"start":{"line":26,"column":37},"end":{"line":26,"column":38}},"loc":{"start":{"line":26,"column":46},"end":{"line":28,"column":13}},"line":26}},"branchMap":{"0":{"loc":{"start":{"line":13,"column":12},"end":{"line":15,"column":13}},"type":"if","locations":[{"start":{"line":13,"column":12},"end":{"line":15,"column":13}},{"start":{},"end":{}}],"line":13},"1":{"loc":{"start":{"line":27,"column":16},"end":{"line":27,"column":73}},"type":"if","locations":[{"start":{"line":27,"column":16},"end":{"line":27,"column":73}},{"start":{},"end":{}}],"line":27}},"s":{"0":7,"1":7,"2":7,"3":7,"4":7,"5":3,"6":3,"7":1,"8":2,"9":2,"10":2,"11":1,"12":1,"13":0,"14":1,"15":1,"16":1,"17":7},"f":{"0":3,"1":1},"b":{"0":[1,2],"1":[0,1]},"_coverageSchema":"1a1c01bbd47fc00a2c39e90264f33305004495a9","hash":"2b95356e0387ab5d5e88aefc7b717d7d73988ed1"}
,"C:\\Users\\skysk\\projects\\swpp-2025-project-team-15\\sumdays-backend\\db\\db.js": {"path":"C:\\Users\\skysk\\projects\\swpp-2025-project-team-15\\sumdays-backend\\db\\db.js","statementMap":{"0":{"start":{"line":1,"column":14},"end":{"line":1,"column":39}},"1":{"start":{"line":3,"column":17},"end":{"line":11,"column":1}},"2":{"start":{"line":14,"column":13},"end":{"line":14,"column":39}},"3":{"start":{"line":17,"column":0},"end":{"line":20,"column":2}}},"fnMap":{},"branchMap":{},"s":{"0":7,"1":7,"2":7,"3":7},"f":{},"b":{},"_coverageSchema":"1a1c01bbd47fc00a2c39e90264f33305004495a9","hash":"8be8906adf92d1f0e20c9e643e7dbce12283799f"}
,"C:\\Users\\skysk\\projects\\swpp-2025-project-team-15\\sumdays-backend\\routes\\ai.js": {"path":"C:\\Users\\skysk\\projects\\swpp-2025-project-team-15\\sumdays-backend\\routes\\ai.js","statementMap":{"0":{"start":{"line":1,"column":16},"end":{"line":1,"column":34}},"1":{"start":{"line":2,"column":15},"end":{"line":2,"column":31}},"2":{"start":{"line":3,"column":15},"end":{"line":3,"column":32}},"3":{"start":{"line":4,"column":15},"end":{"line":4,"column":39}},"4":{"start":{"line":6,"column":24},"end":{"line":6,"column":68}},"5":{"start":{"line":7,"column":26},"end":{"line":7,"column":72}},"6":{"start":{"line":8,"column":22},"end":{"line":8,"column":64}},"7":{"start":{"line":9,"column":22},"end":{"line":9,"column":64}},"8":{"start":{"line":10,"column":26},"end":{"line":10,"column":72}},"9":{"start":{"line":13,"column":0},"end":{"line":13,"column":45}},"10":{"start":{"line":15,"column":0},"end":{"line":15,"column":51}},"11":{"start":{"line":16,"column":0},"end":{"line":16,"column":64}},"12":{"start":{"line":19,"column":0},"end":{"line":19,"column":69}},"13":{"start":{"line":20,"column":0},"end":{"line":20,"column":70}},"14":{"start":{"line":21,"column":0},"end":{"line":21,"column":69}},"15":{"start":{"line":23,"column":0},"end":{"line":23,"column":86}},"16":{"start":{"line":25,"column":0},"end":{"line":25,"column":24}}},"fnMap":{},"branchMap":{},"s":{"0":7,"1":7,"2":7,"3":7,"4":7,"5":7,"6":7,"7":7,"8":7,"9":7,"10":7,"11":7,"12":7,"13":7,"14":7,"15":7,"16":7},"f":{},"b":{},"_coverageSchema":"1a1c01bbd47fc00a2c39e90264f33305004495a9","hash":"dea050e5f15824bb1ec7cc6a0343d91813f44464"}
,"C:\\Users\\skysk\\projects\\swpp-2025-project-team-15\\sumdays-backend\\routes\\auth.js": {"path":"C:\\Users\\skysk\\projects\\swpp-2025-project-team-15\\sumdays-backend\\routes\\auth.js","statementMap":{"0":{"start":{"line":2,"column":16},"end":{"line":2,"column":34}},"1":{"start":{"line":3,"column":15},"end":{"line":3,"column":31}},"2":{"start":{"line":4,"column":20},"end":{"line":4,"column":60}},"3":{"start":{"line":7,"column":23},"end":{"line":7,"column":63}},"4":{"start":{"line":10,"column":0},"end":{"line":10,"column":44}},"5":{"start":{"line":13,"column":0},"end":{"line":13,"column":46}},"6":{"start":{"line":17,"column":0},"end":{"line":17,"column":24}},"7":{"start":{"line":18,"column":0},"end":{"line":18,"column":55}},"8":{"start":{"line":19,"column":0},"end":{"line":19,"column":55}},"9":{"start":{"line":21,"column":0},"end":{"line":21,"column":24}}},"fnMap":{},"branchMap":{},"s":{"0":7,"1":7,"2":7,"3":7,"4":7,"5":7,"6":7,"7":7,"8":7,"9":7},"f":{},"b":{},"_coverageSchema":"1a1c01bbd47fc00a2c39e90264f33305004495a9","hash":"665ba3eee4f28ef7eba4e6fd3254855ce12259a2"}
,"C:\\Users\\skysk\\projects\\swpp-2025-project-team-15\\sumdays-backend\\routes\\index.js": {"path":"C:\\Users\\skysk\\projects\\swpp-2025-project-team-15\\sumdays-backend\\routes\\index.js","statementMap":{"0":{"start":{"line":1,"column":16},"end":{"line":1,"column":34}},"1":{"start":{"line":2,"column":15},"end":{"line":2,"column":31}},"2":{"start":{"line":3,"column":20},"end":{"line":3,"column":60}},"3":{"start":{"line":6,"column":19},"end":{"line":6,"column":36}},"4":{"start":{"line":7,"column":17},"end":{"line":7,"column":32}},"5":{"start":{"line":8,"column":20},"end":{"line":8,"column":41}},"6":{"start":{"line":9,"column":20},"end":{"line":9,"column":41}},"7":{"start":{"line":10,"column":21},"end":{"line":10,"column":43}},"8":{"start":{"line":11,"column":19},"end":{"line":11,"column":39}},"9":{"start":{"line":14,"column":0},"end":{"line":14,"column":32}},"10":{"start":{"line":15,"column":0},"end":{"line":15,"column":28}},"11":{"start":{"line":17,"column":0},"end":{"line":17,"column":31}},"12":{"start":{"line":18,"column":0},"end":{"line":18,"column":35}},"13":{"start":{"line":19,"column":0},"end":{"line":19,"column":37}},"14":{"start":{"line":20,"column":0},"end":{"line":20,"column":43}},"15":{"start":{"line":21,"column":0},"end":{"line":21,"column":45}},"16":{"start":{"line":23,"column":0},"end":{"line":23,"column":24}}},"fnMap":{},"branchMap":{},"s":{"0":7,"1":7,"2":7,"3":7,"4":7,"5":7,"6":7,"7":7,"8":7,"9":7,"10":7,"11":7,"12":7,"13":7,"14":7,"15":7,"16":7},"f":{},"b":{},"_coverageSchema":"1a1c01bbd47fc00a2c39e90264f33305004495a9","hash":"74de55ea17cdee41502f2d76f3d931280b772f7d"}
,"C:\\Users\\skysk\\projects\\swpp-2025-project-team-15\\sumdays-backend\\routes\\db\\daily.js": {"path":"C:\\Users\\skysk\\projects\\swpp-2025-project-team-15\\sumdays-backend\\routes\\db\\daily.js","statementMap":{"0":{"start":{"line":1,"column":16},"end":{"line":1,"column":34}},"1":{"start":{"line":2,"column":15},"end":{"line":2,"column":31}},"2":{"start":{"line":3,"column":24},"end":{"line":3,"column":68}},"3":{"start":{"line":6,"column":0},"end":{"line":6,"column":52}},"4":{"start":{"line":9,"column":0},"end":{"line":9,"column":51}},"5":{"start":{"line":12,"column":0},"end":{"line":12,"column":57}},"6":{"start":{"line":15,"column":0},"end":{"line":15,"column":58}},"7":{"start":{"line":17,"column":0},"end":{"line":17,"column":24}}},"fnMap":{},"branchMap":{},"s":{"0":7,"1":7,"2":7,"3":7,"4":7,"5":7,"6":7,"7":7},"f":{},"b":{},"_coverageSchema":"1a1c01bbd47fc00a2c39e90264f33305004495a9","hash":"28193e1c6fcaf42841fdf989d48c33562f52b530"}
,"C:\\Users\\skysk\\projects\\swpp-2025-project-team-15\\sumdays-backend\\routes\\db\\memos.js": {"path":"C:\\Users\\skysk\\projects\\swpp-2025-project-team-15\\sumdays-backend\\routes\\db\\memos.js","statementMap":{"0":{"start":{"line":1,"column":16},"end":{"line":1,"column":34}},"1":{"start":{"line":2,"column":15},"end":{"line":2,"column":31}},"2":{"start":{"line":3,"column":24},"end":{"line":3,"column":68}},"3":{"start":{"line":6,"column":0},"end":{"line":6,"column":50}},"4":{"start":{"line":9,"column":0},"end":{"line":9,"column":61}},"5":{"start":{"line":12,"column":0},"end":{"line":12,"column":62}},"6":{"start":{"line":15,"column":0},"end":{"line":15,"column":59}},"7":{"start":{"line":17,"column":0},"end":{"line":17,"column":24}}},"fnMap":{},"branchMap":{},"s":{"0":7,"1":7,"2":7,"3":7,"4":7,"5":7,"6":7,"7":7},"f":{},"b":{},"_coverageSchema":"1a1c01bbd47fc00a2c39e90264f33305004495a9","hash":"08a13a1520145ee7f9f65a82adb11f3019bbdc2c"}
,"C:\\Users\\skysk\\projects\\swpp-2025-project-team-15\\sumdays-backend\\routes\\db\\photos.js": {"path":"C:\\Users\\skysk\\projects\\swpp-2025-project-team-15\\sumdays-backend\\routes\\db\\photos.js","statementMap":{"0":{"start":{"line":1,"column":16},"end":{"line":1,"column":34}},"1":{"start":{"line":2,"column":15},"end":{"line":2,"column":31}},"2":{"start":{"line":3,"column":25},"end":{"line":3,"column":70}},"3":{"start":{"line":6,"column":0},"end":{"line":6,"column":52}},"4":{"start":{"line":9,"column":0},"end":{"line":9,"column":64}},"5":{"start":{"line":12,"column":0},"end":{"line":12,"column":61}},"6":{"start":{"line":14,"column":0},"end":{"line":14,"column":24}}},"fnMap":{},"branchMap":{},"s":{"0":7,"1":7,"2":7,"3":7,"4":7,"5":7,"6":7},"f":{},"b":{},"_coverageSchema":"1a1c01bbd47fc00a2c39e90264f33305004495a9","hash":"0f4ae70fb636ebdde9922affc2aa1d6289460d01"}
,"C:\\Users\\skysk\\projects\\swpp-2025-project-team-15\\sumdays-backend\\routes\\db\\sync.js": {"path":"C:\\Users\\skysk\\projects\\swpp-2025-project-team-15\\sumdays-backend\\routes\\db\\sync.js","statementMap":{"0":{"start":{"line":1,"column":16},"end":{"line":1,"column":34}},"1":{"start":{"line":2,"column":15},"end":{"line":2,"column":31}},"2":{"start":{"line":3,"column":23},"end":{"line":3,"column":66}},"3":{"start":{"line":6,"column":0},"end":{"line":6,"column":42}},"4":{"start":{"line":7,"column":0},"end":{"line":7,"column":48}},"5":{"start":{"line":9,"column":0},"end":{"line":9,"column":24}}},"fnMap":{},"branchMap":{},"s":{"0":7,"1":7,"2":7,"3":7,"4":7,"5":7},"f":{},"b":{},"_coverageSchema":"1a1c01bbd47fc00a2c39e90264f33305004495a9","hash":"e6ec8ac41022631246c9f53cc8cfc18727b086ba"}
}
