TN:
SF:app.js
FN:9,(anonymous_0)
FNF:1
FNH:0
FNDA:0,(anonymous_0)
DA:1,7
DA:2,7
DA:3,7
DA:5,7
DA:6,7
DA:9,7
DA:10,0
DA:13,7
LF:8
LH:7
BRF:0
BRH:0
end_of_record
TN:
SF:controllers\authController.js
FN:12,(anonymous_0)
FN:84,(anonymous_1)
FN:117,(anonymous_2)
FN:186,(anonymous_3)
FNF:4
FNH:0
FNDA:0,(anonymous_0)
FNDA:0,(anonymous_1)
FNDA:0,(anonymous_2)
FNDA:0,(anonymous_3)
DA:1,7
DA:2,7
DA:8,7
DA:10,7
DA:12,7
DA:13,0
DA:15,0
DA:18,0
DA:19,0
DA:25,0
DA:26,0
DA:27,0
DA:28,0
DA:31,0
DA:33,0
DA:35,0
DA:42,0
DA:44,0
DA:46,0
DA:49,0
DA:55,0
DA:58,0
DA:67,0
DA:68,0
DA:75,0
DA:76,0
DA:84,7
DA:85,0
DA:86,0
DA:89,0
DA:90,0
DA:92,0
DA:94,0
DA:95,0
DA:96,0
DA:100,0
DA:101,0
DA:104,0
DA:105,0
DA:107,0
DA:108,0
DA:111,0
DA:112,0
DA:117,7
DA:118,0
DA:119,0
DA:121,0
DA:124,0
DA:125,0
DA:131,0
DA:133,0
DA:138,0
DA:139,0
DA:145,0
DA:148,0
DA:153,0
DA:154,0
DA:161,0
DA:162,0
DA:165,0
DA:170,0
DA:172,0
DA:178,0
DA:179,0
DA:186,7
DA:187,0
DA:188,0
DA:190,0
DA:193,0
DA:194,0
DA:200,0
DA:202,0
DA:207,0
DA:208,0
DA:215,0
DA:220,0
DA:222,0
DA:229,0
DA:230,0
LF:79
LH:8
BRDA:18,0,0,0
BRDA:18,0,1,0
BRDA:18,1,0,0
BRDA:18,1,1,0
BRDA:31,2,0,0
BRDA:31,2,1,0
BRDA:44,3,0,0
BRDA:44,3,1,0
BRDA:89,4,0,0
BRDA:89,4,1,0
BRDA:89,5,0,0
BRDA:89,5,1,0
BRDA:89,5,2,0
BRDA:95,6,0,0
BRDA:95,6,1,0
BRDA:124,7,0,0
BRDA:124,7,1,0
BRDA:124,8,0,0
BRDA:124,8,1,0
BRDA:138,9,0,0
BRDA:138,9,1,0
BRDA:153,10,0,0
BRDA:153,10,1,0
BRDA:193,11,0,0
BRDA:193,11,1,0
BRDA:193,12,0,0
BRDA:193,12,1,0
BRDA:207,13,0,0
BRDA:207,13,1,0
BRF:29
BRH:0
end_of_record
TN:
SF:controllers\dailyController.js
FN:8,(anonymous_0)
FN:35,(anonymous_1)
FN:76,(anonymous_2)
FN:78,(anonymous_3)
FN:82,(anonymous_4)
FN:84,(anonymous_5)
FN:99,(anonymous_6)
FN:128,(anonymous_7)
FN:179,(anonymous_8)
FNF:9
FNH:5
FNDA:2,(anonymous_0)
FNDA:1,(anonymous_1)
FNDA:0,(anonymous_2)
FNDA:0,(anonymous_3)
FNDA:0,(anonymous_4)
FNDA:0,(anonymous_5)
FNDA:2,(anonymous_6)
FNDA:2,(anonymous_7)
FNDA:1,(anonymous_8)
DA:1,8
DA:2,8
DA:3,8
DA:4,8
DA:8,8
DA:9,2
DA:10,2
DA:11,2
DA:13,2
DA:15,2
DA:20,2
DA:21,1
DA:23,1
DA:27,1
DA:31,1
DA:35,1
DA:36,1
DA:45,1
DA:46,0
DA:54,1
DA:55,1
DA:57,1
DA:65,1
DA:75,1
DA:76,0
DA:77,0
DA:78,0
DA:81,1
DA:82,0
DA:83,0
DA:84,0
DA:88,1
DA:91,0
DA:99,8
DA:100,2
DA:101,2
DA:103,2
DA:104,2
DA:108,2
DA:109,1
DA:112,1
DA:117,1
DA:120,0
DA:128,8
DA:129,2
DA:130,2
DA:131,2
DA:133,2
DA:135,2
DA:139,2
DA:140,0
DA:144,2
DA:145,2
DA:147,2
DA:148,0
DA:149,0
DA:151,2
DA:152,1
DA:153,1
DA:155,2
DA:156,0
DA:157,0
DA:160,2
DA:161,1
DA:164,1
DA:165,1
DA:166,1
DA:168,1
DA:171,0
DA:179,8
DA:180,1
DA:181,1
DA:183,1
DA:184,1
DA:186,1
DA:189,0
LF:76
LH:60
BRDA:20,0,0,1
BRDA:20,0,1,1
BRDA:45,1,0,0
BRDA:45,1,1,1
BRDA:75,2,0,0
BRDA:75,2,1,1
BRDA:81,3,0,0
BRDA:81,3,1,1
BRDA:108,4,0,1
BRDA:108,4,1,1
BRDA:139,5,0,0
BRDA:139,5,1,2
BRDA:147,6,0,0
BRDA:147,6,1,2
BRDA:151,7,0,1
BRDA:151,7,1,1
BRDA:155,8,0,0
BRDA:155,8,1,2
BRDA:160,9,0,1
BRDA:160,9,1,1
BRF:20
BRH:14
end_of_record
TN:
SF:controllers\memosController.js
FN:9,getDailyEntryId
FN:17,(anonymous_1)
FN:42,(anonymous_2)
FN:86,(anonymous_3)
FN:108,(anonymous_4)
FN:119,(anonymous_5)
FNF:6
FNH:6
FNDA:9,getDailyEntryId
FNDA:2,(anonymous_1)
FNDA:3,(anonymous_2)
FNDA:2,(anonymous_3)
FNDA:2,(anonymous_4)
FNDA:2,(anonymous_5)
DA:1,8
DA:2,8
DA:3,8
DA:10,9
DA:14,9
DA:17,8
DA:18,2
DA:19,2
DA:20,2
DA:22,2
DA:23,2
DA:24,2
DA:25,1
DA:27,1
DA:32,1
DA:35,0
DA:42,8
DA:43,3
DA:44,3
DA:45,3
DA:47,3
DA:48,3
DA:49,3
DA:50,1
DA:54,2
DA:55,2
DA:56,2
DA:57,0
DA:58,0
DA:60,2
DA:61,1
DA:62,1
DA:64,2
DA:65,1
DA:66,1
DA:68,2
DA:69,1
DA:72,1
DA:73,1
DA:74,1
DA:76,1
DA:79,0
DA:86,8
DA:87,2
DA:88,2
DA:90,2
DA:91,2
DA:92,2
DA:93,1
DA:96,1
DA:97,1
DA:100,0
DA:108,8
DA:109,2
DA:110,2
DA:111,2
DA:113,2
DA:114,2
DA:115,2
DA:116,1
DA:119,1
DA:120,2
DA:123,1
DA:124,1
DA:127,0
LF:65
LH:59
BRDA:14,0,0,5
BRDA:14,0,1,4
BRDA:24,1,0,1
BRDA:24,1,1,1
BRDA:49,2,0,1
BRDA:49,2,1,2
BRDA:56,3,0,0
BRDA:56,3,1,2
BRDA:60,4,0,1
BRDA:60,4,1,1
BRDA:64,5,0,1
BRDA:64,5,1,1
BRDA:68,6,0,1
BRDA:68,6,1,1
BRDA:92,7,0,1
BRDA:92,7,1,1
BRDA:115,8,0,1
BRDA:115,8,1,1
BRF:18
BRH:17
end_of_record
TN:
SF:controllers\photosController.js
FN:9,getDailyEntryId
FN:17,(anonymous_1)
FN:58,(anonymous_2)
FN:84,(anonymous_3)
FN:95,(anonymous_4)
FNF:5
FNH:5
FNDA:6,getDailyEntryId
FNDA:3,(anonymous_1)
FNDA:2,(anonymous_2)
FNDA:2,(anonymous_3)
FNDA:2,(anonymous_4)
DA:1,8
DA:2,8
DA:3,8
DA:10,6
DA:14,6
DA:17,8
DA:18,3
DA:19,3
DA:20,3
DA:22,3
DA:24,3
DA:25,3
DA:27,3
DA:28,3
DA:30,2
DA:31,2
DA:32,2
DA:33,2
DA:34,2
DA:38,2
DA:39,2
DA:40,1
DA:42,1
DA:47,1
DA:50,0
DA:58,8
DA:59,2
DA:60,2
DA:62,2
DA:63,2
DA:64,2
DA:65,1
DA:68,1
DA:70,1
DA:71,1
DA:72,1
DA:76,0
DA:84,8
DA:85,2
DA:86,2
DA:87,2
DA:89,2
DA:90,2
DA:91,2
DA:92,1
DA:95,1
DA:96,2
DA:99,1
DA:100,1
DA:103,0
LF:50
LH:47
BRDA:14,0,0,3
BRDA:14,0,1,3
BRDA:25,1,0,2
BRDA:25,1,1,1
BRDA:28,2,0,1
BRDA:28,2,1,2
BRDA:39,3,0,1
BRDA:39,3,1,1
BRDA:64,4,0,1
BRDA:64,4,1,1
BRDA:71,5,0,1
BRDA:71,5,1,0
BRDA:91,6,0,1
BRDA:91,6,1,1
BRF:14
BRH:13
end_of_record
TN:
SF:controllers\syncController.js
FN:8,(anonymous_0)
FN:45,(anonymous_1)
FN:49,(anonymous_2)
FN:50,(anonymous_3)
FN:54,(anonymous_4)
FN:58,(anonymous_5)
FN:60,(anonymous_6)
FN:79,(anonymous_7)
FN:81,(anonymous_8)
FN:150,safeParse
FN:159,(anonymous_10)
FN:180,(anonymous_11)
FN:188,(anonymous_12)
FNF:13
FNH:0
FNDA:0,(anonymous_0)
FNDA:0,(anonymous_1)
FNDA:0,(anonymous_2)
FNDA:0,(anonymous_3)
FNDA:0,(anonymous_4)
FNDA:0,(anonymous_5)
FNDA:0,(anonymous_6)
FNDA:0,(anonymous_7)
FNDA:0,(anonymous_8)
FNDA:0,safeParse
FNDA:0,(anonymous_10)
FNDA:0,(anonymous_11)
FNDA:0,(anonymous_12)
DA:1,7
DA:2,7
DA:3,7
DA:4,7
DA:8,7
DA:9,0
DA:10,0
DA:11,0
DA:12,0
DA:17,0
DA:22,0
DA:23,0
DA:25,0
DA:35,0
DA:37,0
DA:45,0
DA:46,0
DA:48,0
DA:49,0
DA:50,0
DA:52,0
DA:54,0
DA:58,0
DA:61,0
DA:63,0
DA:64,0
DA:66,0
DA:70,0
DA:71,0
DA:78,0
DA:79,0
DA:80,0
DA:81,0
DA:82,0
DA:83,0
DA:84,0
DA:88,0
DA:89,0
DA:91,0
DA:92,0
DA:94,0
DA:95,0
DA:97,0
DA:98,0
DA:102,0
DA:103,0
DA:104,0
DA:111,0
DA:112,0
DA:119,0
DA:120,0
DA:127,0
DA:128,0
DA:139,0
DA:144,0
DA:145,0
DA:151,0
DA:152,0
DA:154,0
DA:159,7
DA:160,0
DA:161,0
DA:163,0
DA:167,0
DA:171,0
DA:175,0
DA:180,0
DA:188,0
DA:197,0
DA:205,0
LF:70
LH:6
BRDA:22,0,0,0
BRDA:22,0,1,0
BRDA:46,1,0,0
BRDA:46,1,1,0
BRDA:46,2,0,0
BRDA:46,2,1,0
BRDA:63,3,0,0
BRDA:63,3,1,0
BRDA:63,4,0,0
BRDA:63,4,1,0
BRDA:78,5,0,0
BRDA:78,5,1,0
BRDA:80,6,0,0
BRDA:80,6,1,0
BRDA:80,7,0,0
BRDA:80,7,1,0
BRDA:88,8,0,0
BRDA:88,8,1,0
BRDA:91,9,0,0
BRDA:91,9,1,0
BRDA:94,10,0,0
BRDA:94,10,1,0
BRDA:97,11,0,0
BRDA:97,11,1,0
BRDA:102,12,0,0
BRDA:102,12,1,0
BRDA:103,13,0,0
BRDA:103,13,1,0
BRDA:111,14,0,0
BRDA:111,14,1,0
BRDA:119,15,0,0
BRDA:119,15,1,0
BRDA:127,16,0,0
BRDA:127,16,1,0
BRDA:152,17,0,0
BRDA:152,17,1,0
BRF:36
BRH:0
end_of_record
TN:
SF:controllers\ai\analyzeController.js
FN:14,(anonymous_0)
FN:127,(anonymous_1)
FN:166,calculateAverageScore
FN:167,(anonymous_3)
FN:168,(anonymous_4)
FN:175,calculateEmotionDistribution_week
FN:177,(anonymous_6)
FN:212,getUserDiariesMock
FN:264,getUserWeeksMock
FNF:9
FNH:7
FNDA:2,(anonymous_0)
FNDA:3,(anonymous_1)
FNDA:1,calculateAverageScore
FNDA:7,(anonymous_3)
FNDA:7,(anonymous_4)
FNDA:1,calculateEmotionDistribution_week
FNDA:7,(anonymous_6)
FNDA:0,getUserDiariesMock
FNDA:0,getUserWeeksMock
DA:1,7
DA:2,7
DA:4,7
DA:5,7
DA:7,7
DA:15,2
DA:16,2
DA:18,2
DA:19,1
DA:26,1
DA:27,1
DA:30,1
DA:32,1
DA:33,0
DA:41,1
DA:42,1
DA:45,1
DA:50,0
DA:51,0
DA:128,3
DA:129,3
DA:131,3
DA:132,1
DA:138,2
DA:140,1
DA:141,0
DA:148,1
DA:153,1
DA:154,1
DA:167,7
DA:168,7
DA:169,1
DA:176,1
DA:177,1
DA:178,7
DA:179,3
DA:180,1
DA:182,1
DA:213,0
DA:265,0
DA:309,7
LF:41
LH:35
BRDA:18,0,0,1
BRDA:18,0,1,1
BRDA:18,1,0,2
BRDA:18,1,1,1
BRDA:32,2,0,0
BRDA:32,2,1,1
BRDA:131,3,0,1
BRDA:131,3,1,2
BRDA:140,4,0,0
BRDA:140,4,1,1
BRDA:167,5,0,7
BRDA:167,5,1,0
BRDA:178,6,0,4
BRDA:178,6,1,3
BRDA:179,7,0,2
BRDA:179,7,1,1
BRF:16
BRH:13
end_of_record
TN:
SF:controllers\ai\extractController.js
FN:13,(anonymous_0)
FN:42,(anonymous_1)
FNF:2
FNH:2
FNDA:6,(anonymous_0)
FNDA:1,(anonymous_1)
DA:1,7
DA:2,7
DA:3,7
DA:4,7
DA:6,7
DA:14,6
DA:15,6
DA:17,6
DA:18,5
DA:19,5
DA:21,1
DA:25,5
DA:26,5
DA:28,5
DA:29,1
DA:30,1
DA:34,5
DA:40,3
DA:41,3
DA:42,1
DA:43,1
DA:48,3
DA:56,3
DA:57,3
DA:65,7
LF:25
LH:25
BRDA:17,0,0,5
BRDA:17,0,1,0
BRDA:28,1,0,1
BRDA:28,1,1,4
BRDA:28,2,0,5
BRDA:28,2,1,5
BRDA:40,3,0,3
BRDA:40,3,1,0
BRDA:43,4,0,1
BRDA:43,4,1,0
BRF:10
BRH:7
end_of_record
TN:
SF:controllers\ai\mergeController.js
FN:11,(anonymous_0)
FN:29,(anonymous_1)
FNF:2
FNH:2
FNDA:9,(anonymous_0)
FNDA:10,(anonymous_1)
DA:1,7
DA:2,7
DA:4,7
DA:12,9
DA:13,9
DA:15,9
DA:16,1
DA:22,8
DA:23,1
DA:29,10
DA:31,7
DA:32,4
DA:38,3
DA:39,1
DA:45,2
DA:46,2
DA:47,2
DA:49,3
DA:54,3
DA:55,1
DA:62,2
DA:69,1
DA:70,1
DA:78,7
LF:24
LH:24
BRDA:15,0,0,1
BRDA:15,0,1,8
BRDA:15,1,0,9
BRDA:15,1,1,9
BRDA:15,1,2,9
BRDA:22,2,0,1
BRDA:22,2,1,7
BRDA:22,3,0,8
BRDA:22,3,1,7
BRDA:31,4,0,4
BRDA:31,4,1,3
BRDA:38,5,0,1
BRDA:38,5,1,2
BRDA:38,6,0,3
BRDA:38,6,1,2
BRDA:54,7,0,1
BRDA:54,7,1,2
BRDA:72,8,0,1
BRDA:72,8,1,0
BRF:19
BRH:18
end_of_record
TN:
SF:controllers\ai\ocrController.js
FN:13,(anonymous_0)
FN:34,(anonymous_1)
FN:56,(anonymous_2)
FN:75,(anonymous_3)
FNF:4
FNH:4
FNDA:4,(anonymous_0)
FNDA:1,(anonymous_1)
FNDA:2,(anonymous_2)
FNDA:2,(anonymous_3)
DA:1,7
DA:2,7
DA:3,7
DA:4,7
DA:6,7
DA:14,4
DA:15,4
DA:16,1
DA:19,3
DA:20,3
DA:21,1
DA:24,2
DA:25,2
DA:26,2
DA:28,2
DA:34,1
DA:35,1
DA:38,1
DA:44,1
DA:45,1
DA:57,2
DA:58,2
DA:59,2
DA:60,1
DA:63,1
DA:64,1
DA:65,2
DA:68,1
DA:74,1
DA:75,2
DA:76,2
DA:80,1
DA:85,0
DA:86,0
DA:93,7
LF:35
LH:33
BRDA:15,0,0,1
BRDA:15,0,1,3
BRDA:20,1,0,1
BRDA:20,1,1,2
BRDA:35,2,0,0
BRDA:35,2,1,1
BRDA:59,3,0,1
BRDA:59,3,1,1
BRDA:59,4,0,2
BRDA:59,4,1,1
BRDA:76,5,0,0
BRDA:76,5,1,2
BRF:12
BRH:10
end_of_record
TN:
SF:controllers\ai\sttController.js
FN:11,(anonymous_0)
FN:26,(anonymous_1)
FNF:2
FNH:2
FNDA:3,(anonymous_0)
FNDA:1,(anonymous_1)
DA:1,7
DA:2,7
DA:3,7
DA:4,7
DA:6,7
DA:12,3
DA:13,3
DA:14,1
DA:17,2
DA:18,2
DA:20,2
DA:26,1
DA:27,1
DA:30,1
DA:35,1
DA:36,1
DA:44,7
LF:17
LH:17
BRDA:13,0,0,1
BRDA:13,0,1,2
BRDA:27,1,0,0
BRDA:27,1,1,1
BRF:4
BRH:3
end_of_record
TN:
SF:db\db.js
FNF:0
FNH:0
DA:1,7
DA:3,7
DA:14,7
DA:17,7
LF:4
LH:4
BRF:0
BRH:0
end_of_record
TN:
SF:routes\ai.js
FNF:0
FNH:0
DA:1,7
DA:2,7
DA:3,7
DA:4,7
DA:6,7
DA:7,7
DA:8,7
DA:9,7
DA:10,7
DA:13,7
DA:15,7
DA:16,7
DA:19,7
DA:20,7
DA:21,7
DA:23,7
DA:25,7
LF:17
LH:17
BRF:0
BRH:0
end_of_record
TN:
SF:routes\auth.js
FNF:0
FNH:0
DA:2,7
DA:3,7
DA:4,7
DA:7,7
DA:10,7
DA:13,7
DA:17,7
DA:18,7
DA:19,7
DA:21,7
LF:10
LH:10
BRF:0
BRH:0
end_of_record
TN:
SF:routes\index.js
FNF:0
FNH:0
DA:1,7
DA:2,7
DA:3,7
DA:6,7
DA:7,7
DA:8,7
DA:9,7
DA:10,7
DA:11,7
DA:14,7
DA:15,7
DA:17,7
DA:18,7
DA:19,7
DA:20,7
DA:21,7
DA:23,7
LF:17
LH:17
BRF:0
BRH:0
end_of_record
TN:
SF:routes\db\daily.js
FNF:0
FNH:0
DA:1,7
DA:2,7
DA:3,7
DA:6,7
DA:9,7
DA:12,7
DA:15,7
DA:17,7
LF:8
LH:8
BRF:0
BRH:0
end_of_record
TN:
SF:routes\db\memos.js
FNF:0
FNH:0
DA:1,7
DA:2,7
DA:3,7
DA:6,7
DA:9,7
DA:12,7
DA:15,7
DA:17,7
LF:8
LH:8
BRF:0
BRH:0
end_of_record
TN:
SF:routes\db\photos.js
FNF:0
FNH:0
DA:1,7
DA:2,7
DA:3,7
DA:6,7
DA:9,7
DA:12,7
DA:14,7
LF:7
LH:7
BRF:0
BRH:0
end_of_record
TN:
SF:routes\db\sync.js
FNF:0
FNH:0
DA:1,7
DA:2,7
DA:3,7
DA:6,7
DA:7,7
DA:9,7
LF:6
LH:6
BRF:0
BRH:0
end_of_record
